<?xml version="1.0" encoding="UTF-8"?>
<robot generator="Robot 7.0 (Python 3.12.2 on win32)" generated="2024-04-09T15:20:03.212533" rpa="false" schemaversion="5">
<suite id="s1" name="Api" source="c:\robot-trello_API\api">
<suite id="s1-s1" name="Tests" source="c:\robot-trello_API\api\tests">
<suite id="s1-s1-s1" name="Boards" source="c:\robot-trello_API\api\tests\boards.robot">
<test id="s1-s1-s1-t1" name="Create a board" line="12">
<kw name="Create Session" owner="RequestsLibrary">
<msg time="2024-04-09T15:20:03.557051" level="INFO">Creating Session using : alias=trello, url=https://api.trello.com, headers={},                     cookies={}, auth=None, timeout=None, proxies=None, verify=False,                     debug=0 </msg>
<arg>alias=trello</arg>
<arg>url=https://api.trello.com</arg>
<doc>Create Session: create a HTTP session to a server</doc>
<status status="PASS" start="2024-04-09T15:20:03.557051" elapsed="0.000000"/>
</kw>
<kw name="POST On Session" owner="RequestsLibrary">
<msg time="2024-04-09T15:20:04.252523" level="INFO">POST Request : url=https://api.trello.com/1/boards/?name=myBoard1&amp;key=053180673914aba1dfdd024bcbce9543&amp;token=ATTAaa5b2ab908052d99a92eaea20d83ae79e1e467e1608f051f6f71d27b4b25c956A13A6D5F 
 path_url=/1/boards/?name=myBoard1&amp;key=053180673914aba1dfdd024bcbce9543&amp;token=ATTAaa5b2ab908052d99a92eaea20d83ae79e1e467e1608f051f6f71d27b4b25c956A13A6D5F 
 headers={'User-Agent': 'python-requests/2.31.0', 'Accept-Encoding': 'gzip, deflate', 'Accept': '*/*', 'Connection': 'keep-alive', 'Content-Length': '0'} 
 body=None 
 </msg>
<msg time="2024-04-09T15:20:04.252523" level="INFO">POST Response : url=https://api.trello.com/1/boards/?name=myBoard1&amp;key=053180673914aba1dfdd024bcbce9543&amp;token=ATTAaa5b2ab908052d99a92eaea20d83ae79e1e467e1608f051f6f71d27b4b25c956A13A6D5F 
 status=200, reason=OK 
 headers={'Content-Type': 'application/json; charset=utf-8', 'Content-Length': '1571', 'Connection': 'keep-alive', 'Date': 'Tue, 09 Apr 2024 18:20:04 GMT', 'Referrer-Policy': 'strict-origin-when-cross-origin', 'X-Dns-Prefetch-Control': 'off', 'X-Download-Options': 'noopen', 'X-Frame-Options': 'DENY', 'X-Permitted-Cross-Domain-Policies': 'none', 'Surrogate-Control': 'no-store', 'Cache-Control': 'max-age=0, must-revalidate, no-cache, no-store', 'Expires': 'Thu, 01 Jan 1970 00:00:00', 'X-Trello-Version': '1.271036.0', 'X-Trello-Environment': 'Production', 'Access-Control-Allow-Origin': '*', 'Access-Control-Allow-Methods': 'GET, PUT, POST, DELETE', 'Access-Control-Allow-Headers': 'Authorization, Accept, Content-Type', 'Access-Control-Expose-Headers': 'x-rate-limit-api-key-interval-ms, x-rate-limit-api-key-max, x-rate-limit-api-key-remaining, x-rate-limit-api-token-interval-ms, x-rate-limit-api-token-max, x-rate-limit-api-token-remaining', 'X-Rate-Limit-Api-Token-Interval-Ms': '10000', 'X-Rate-Limit-Api-Token-Max': '100', 'X-Rate-Limit-Api-Token-Remaining': '99', 'X-Rate-Limit-Db-Query-Time-Interval-Ms': '600000', 'X-Rate-Limit-Db-Query-Time-Max': '7200000', 'X-Rate-Limit-Db-Query-Time-Remaining': '7199990', 'X-Rate-Limit-Api-Key-Interval-Ms': '10000', 'X-Rate-Limit-Api-Key-Max': '300', 'X-Rate-Limit-Api-Key-Remaining': '299', 'X-Rate-Limit-Member-Interval-Ms': '10000', 'X-Rate-Limit-Member-Max': '375', 'X-Rate-Limit-Member-Remaining': '374', 'X-Server-Time': '1712686804183', 'X-Trello-Api-Org-Selected': 'true', 'Server': 'AtlassianEdge', 'X-Content-Type-Options': 'nosniff', 'X-Xss-Protection': '1; mode=block', 'Atl-Traceid': 'a8b4827a61454a36a2dc34e6eef6adc0', 'Strict-Transport-Security': 'max-age=63072000; preload', 'Report-To': '{"endpoints": [{"url": "https://dz8aopenkvv6s.cloudfront.net"}], "group": "endpoint-1", "include_subdomains": true, "max_age": 600}', 'Nel': '{"failure_fraction": 0.001, "include_subdomains": true, "max_age": 600, "report_to": "endpoint-1"}', 'X-Cache': 'Miss from cloudfront', 'Via': '1.1 597dd8a4102439ae7e56785152fb5b12.cloudfront.net (CloudFront)', 'X-Amz-Cf-Pop': 'GRU50-C1', 'X-Amz-Cf-Id': 'KxG-bTHpQIhrYvdJryTE9hJrBOX3pT-pbCADnWkjg6n2BL-hhzOZ_g=='} 
 body={"id":"661586d3b9680ec556276c93","name":"myBoard1","desc":"","descData":null,"closed":false,"idOrganization":"65e5819945d59a9761e108e0","idEnterprise":null,"pinned":false,"url":"https://trello.com/b/1ZxtAnGI/myboard1","shortUrl":"https://trello.com/b/1ZxtAnGI","prefs":{"permissionLevel":"private","hideVotes":false,"voting":"disabled","comments":"members","invitations":"members","selfJoin":true,"cardCovers":true,"cardCounts":false,"isTemplate":false,"cardAging":"regular","calendarFeedEnabled":false,"hiddenPluginBoardButtons":[],"switcherViews":[{"viewType":"Board","enabled":true},{"viewType":"Table","enabled":true},{"viewType":"Calendar","enabled":false},{"viewType":"Dashboard","enabled":false},{"viewType":"Timeline","enabled":false},{"viewType":"Map","enabled":false}],"background":"blue","backgroundColor":"#0079BF","backgroundImage":null,"backgroundTile":false,"backgroundBrightness":"dark","sharedSourceUrl":null,"backgroundImageScaled":null,"backgroundBottomColor":"#0079BF","backgroundTopColor":"#0079BF","canBePublic":true,"canBeEnterprise":true,"canBeOrg":true,"canBePrivate":true,"canInvite":true},"labelNames":{"green":"","yellow":"","orange":"","red":"","purple":"","blue":"","sky":"","lime":"","pink":"","black":"","green_dark":"","yellow_dark":"","orange_dark":"","red_dark":"","purple_dark":"","blue_dark":"","sky_dark":"","lime_dark":"","pink_dark":"","black_dark":"","green_light":"","yellow_light":"","orange_light":"","red_light":"","purple_light":"","blue_light":"","sky_light":"","lime_light":"","pink_light":"","black_light":""},"limits":{}} 
 </msg>
<msg time="2024-04-09T15:20:04.252523" level="INFO">C:\Python312\Lib\site-packages\urllib3\connectionpool.py:1103: InsecureRequestWarning: Unverified HTTPS request is being made to host 'api.trello.com'. Adding certificate verification is strongly advised. See: https://urllib3.readthedocs.io/en/latest/advanced-usage.html#tls-warnings
  warnings.warn(</msg>
<msg time="2024-04-09T15:20:04.267947" level="INFO">${responseCB} = &lt;Response [200]&gt;</msg>
<var>${responseCB}</var>
<arg>alias=trello</arg>
<arg>url=/1/boards/?name=myBoard1&amp;key=${KEY}&amp;token=${TOKEN}</arg>
<arg>expected_status=200</arg>
<doc>Sends a POST request on a previously created HTTP Session.</doc>
<status status="PASS" start="2024-04-09T15:20:03.569062" elapsed="0.698885"/>
</kw>
<kw name="Set Variable" owner="BuiltIn">
<msg time="2024-04-09T15:20:04.267947" level="INFO">${board_id} = 661586d3b9680ec556276c93</msg>
<var>${board_id}</var>
<arg>${responseCB.json()['id']}</arg>
<doc>Returns the given values which can then be assigned to a variables.</doc>
<status status="PASS" start="2024-04-09T15:20:04.267947" elapsed="0.000000"/>
</kw>
<kw name="Log To Console" owner="BuiltIn">
<arg>${board_id}</arg>
<doc>Logs the given message to the console.</doc>
<status status="PASS" start="2024-04-09T15:20:04.267947" elapsed="0.000000"/>
</kw>
<kw name="Create File" owner="OperatingSystem">
<msg time="2024-04-09T15:20:04.277370" level="INFO" html="true">Created file '&lt;a href="file://C:\robot-trello_API\api\fixtures\testdata.json"&gt;C:\robot-trello_API\api\fixtures\testdata.json&lt;/a&gt;'.</msg>
<arg>api/fixtures/testdata.json</arg>
<arg>{"board_id":"${board_id}"}</arg>
<doc>Creates a file with the given content and encoding.</doc>
<status status="PASS" start="2024-04-09T15:20:04.275370" elapsed="0.003002"/>
</kw>
<kw name="Delete a board" owner="test">
<kw name="Load Json From File" owner="JSONLibrary">
<msg time="2024-04-09T15:20:04.290757" level="INFO">${data} = {'board_id': '661586d3b9680ec556276c93'}</msg>
<var>${data}</var>
<arg>api/fixtures/testdata.json</arg>
<doc>Load JSON from file.</doc>
<status status="PASS" start="2024-04-09T15:20:04.280368" elapsed="0.011695"/>
</kw>
<kw name="Get Value From Json" owner="JSONLibrary">
<msg time="2024-04-09T15:20:04.409271" level="INFO">${board_id_ob} = ['661586d3b9680ec556276c93']</msg>
<var>${board_id_ob}</var>
<arg>${data}</arg>
<arg>$.board_id</arg>
<doc>Get Value From JSON using JSONPath</doc>
<status status="PASS" start="2024-04-09T15:20:04.292063" elapsed="0.117208"/>
</kw>
<kw name="Convert Json To String" owner="JSONLibrary">
<msg time="2024-04-09T15:20:04.409271" level="INFO">${board_id_str} = ["661586d3b9680ec556276c93"]</msg>
<var>${board_id_str}</var>
<arg>${board_id_ob}</arg>
<doc>Convert JSON object to string</doc>
<status status="PASS" start="2024-04-09T15:20:04.409271" elapsed="0.000000"/>
</kw>
<kw name="Remove String" owner="String">
<msg time="2024-04-09T15:20:04.409271" level="INFO">${board_id} = 661586d3b9680ec556276c93</msg>
<var>${board_id}</var>
<arg>${board_id_str}</arg>
<arg>[</arg>
<arg>]</arg>
<arg>'</arg>
<arg>"</arg>
<doc>Removes all ``removables`` from the given ``string``.</doc>
<status status="PASS" start="2024-04-09T15:20:04.409271" elapsed="0.000000"/>
</kw>
<kw name="DELETE On Session" owner="RequestsLibrary">
<msg time="2024-04-09T15:20:05.802351" level="INFO">DELETE Request : url=https://api.trello.com/1/boards/661586d3b9680ec556276c93?key=053180673914aba1dfdd024bcbce9543&amp;token=ATTAaa5b2ab908052d99a92eaea20d83ae79e1e467e1608f051f6f71d27b4b25c956A13A6D5F 
 path_url=/1/boards/661586d3b9680ec556276c93?key=053180673914aba1dfdd024bcbce9543&amp;token=ATTAaa5b2ab908052d99a92eaea20d83ae79e1e467e1608f051f6f71d27b4b25c956A13A6D5F 
 headers={'User-Agent': 'python-requests/2.31.0', 'Accept-Encoding': 'gzip, deflate', 'Accept': '*/*', 'Connection': 'keep-alive', 'Content-Length': '0'} 
 body=None 
 </msg>
<msg time="2024-04-09T15:20:05.802351" level="INFO">DELETE Response : url=https://api.trello.com/1/boards/661586d3b9680ec556276c93?key=053180673914aba1dfdd024bcbce9543&amp;token=ATTAaa5b2ab908052d99a92eaea20d83ae79e1e467e1608f051f6f71d27b4b25c956A13A6D5F 
 status=200, reason=OK 
 headers={'Content-Type': 'application/json; charset=utf-8', 'Content-Length': '16', 'Connection': 'keep-alive', 'Date': 'Tue, 09 Apr 2024 18:20:05 GMT', 'Referrer-Policy': 'strict-origin-when-cross-origin', 'X-Dns-Prefetch-Control': 'off', 'X-Download-Options': 'noopen', 'X-Frame-Options': 'DENY', 'X-Permitted-Cross-Domain-Policies': 'none', 'Surrogate-Control': 'no-store', 'Cache-Control': 'max-age=0, must-revalidate, no-cache, no-store', 'Expires': 'Thu, 01 Jan 1970 00:00:00', 'X-Trello-Version': '1.271036.0', 'X-Trello-Environment': 'Production', 'Access-Control-Allow-Origin': '*', 'Access-Control-Allow-Methods': 'GET, PUT, POST, DELETE', 'Access-Control-Allow-Headers': 'Authorization, Accept, Content-Type', 'Access-Control-Expose-Headers': 'x-rate-limit-api-key-interval-ms, x-rate-limit-api-key-max, x-rate-limit-api-key-remaining, x-rate-limit-api-token-interval-ms, x-rate-limit-api-token-max, x-rate-limit-api-token-remaining', 'X-Rate-Limit-Api-Token-Interval-Ms': '10000', 'X-Rate-Limit-Api-Token-Max': '100', 'X-Rate-Limit-Api-Token-Remaining': '98', 'X-Rate-Limit-Db-Query-Time-Interval-Ms': '600000', 'X-Rate-Limit-Db-Query-Time-Max': '7200000', 'X-Rate-Limit-Db-Query-Time-Remaining': '7199990', 'X-Rate-Limit-Api-Key-Interval-Ms': '10000', 'X-Rate-Limit-Api-Key-Max': '300', 'X-Rate-Limit-Api-Key-Remaining': '298', 'X-Rate-Limit-Member-Interval-Ms': '10000', 'X-Rate-Limit-Member-Max': '375', 'X-Rate-Limit-Member-Remaining': '373', 'X-Server-Time': '1712686805731', 'Server': 'AtlassianEdge', 'X-Content-Type-Options': 'nosniff', 'X-Xss-Protection': '1; mode=block', 'Atl-Traceid': '153ff81299274d62a541bbb48fbc3a5d', 'Strict-Transport-Security': 'max-age=63072000; preload', 'Report-To': '{"endpoints": [{"url": "https://dz8aopenkvv6s.cloudfront.net"}], "group": "endpoint-1", "include_subdomains": true, "max_age": 600}', 'Nel': '{"failure_fraction": 0.001, "include_subdomains": true, "max_age": 600, "report_to": "endpoint-1"}', 'X-Cache': 'Miss from cloudfront', 'Via': '1.1 597dd8a4102439ae7e56785152fb5b12.cloudfront.net (CloudFront)', 'X-Amz-Cf-Pop': 'GRU50-C1', 'X-Amz-Cf-Id': 'O5uTrgIOylgQsdvi5u_seBlnaLed61SL1GNmT7VF-qOK4K1pMSoWIQ=='} 
 body={"_value":null}
 
 </msg>
<msg time="2024-04-09T15:20:05.802351" level="INFO">C:\Python312\Lib\site-packages\urllib3\connectionpool.py:1103: InsecureRequestWarning: Unverified HTTPS request is being made to host 'api.trello.com'. Adding certificate verification is strongly advised. See: https://urllib3.readthedocs.io/en/latest/advanced-usage.html#tls-warnings
  warnings.warn(</msg>
<arg>alias=trello</arg>
<arg>url=/1/boards/${board_id}?key=${KEY}&amp;token=${TOKEN}</arg>
<arg>expected_status=200</arg>
<doc>Sends a DELETE request on a previously created HTTP Session.</doc>
<status status="PASS" start="2024-04-09T15:20:04.409271" elapsed="1.393080"/>
</kw>
<status status="PASS" start="2024-04-09T15:20:04.279371" elapsed="1.522980"/>
</kw>
<status status="PASS" start="2024-04-09T15:20:03.557051" elapsed="2.260937"/>
</test>
<test id="s1-s1-s1-t2" name="Get a board" line="21">
<kw name="Create a board" owner="test">
<kw name="Create Session" owner="RequestsLibrary">
<msg time="2024-04-09T15:20:05.817988" level="INFO">Creating Session using : alias=trello, url=https://api.trello.com, headers={},                     cookies={}, auth=None, timeout=None, proxies=None, verify=False,                     debug=0 </msg>
<arg>alias=trello</arg>
<arg>url=https://api.trello.com</arg>
<doc>Create Session: create a HTTP session to a server</doc>
<status status="PASS" start="2024-04-09T15:20:05.817988" elapsed="0.000000"/>
</kw>
<kw name="POST On Session" owner="RequestsLibrary">
<msg time="2024-04-09T15:20:06.378787" level="INFO">POST Request : url=https://api.trello.com/1/boards/?name=myBoard1&amp;key=053180673914aba1dfdd024bcbce9543&amp;token=ATTAaa5b2ab908052d99a92eaea20d83ae79e1e467e1608f051f6f71d27b4b25c956A13A6D5F 
 path_url=/1/boards/?name=myBoard1&amp;key=053180673914aba1dfdd024bcbce9543&amp;token=ATTAaa5b2ab908052d99a92eaea20d83ae79e1e467e1608f051f6f71d27b4b25c956A13A6D5F 
 headers={'User-Agent': 'python-requests/2.31.0', 'Accept-Encoding': 'gzip, deflate', 'Accept': '*/*', 'Connection': 'keep-alive', 'Content-Length': '0'} 
 body=None 
 </msg>
<msg time="2024-04-09T15:20:06.390304" level="INFO">POST Response : url=https://api.trello.com/1/boards/?name=myBoard1&amp;key=053180673914aba1dfdd024bcbce9543&amp;token=ATTAaa5b2ab908052d99a92eaea20d83ae79e1e467e1608f051f6f71d27b4b25c956A13A6D5F 
 status=200, reason=OK 
 headers={'Content-Type': 'application/json; charset=utf-8', 'Content-Length': '1571', 'Connection': 'keep-alive', 'Date': 'Tue, 09 Apr 2024 18:20:06 GMT', 'Referrer-Policy': 'strict-origin-when-cross-origin', 'X-Dns-Prefetch-Control': 'off', 'X-Download-Options': 'noopen', 'X-Frame-Options': 'DENY', 'X-Permitted-Cross-Domain-Policies': 'none', 'Surrogate-Control': 'no-store', 'Cache-Control': 'max-age=0, must-revalidate, no-cache, no-store', 'Expires': 'Thu, 01 Jan 1970 00:00:00', 'X-Trello-Version': '1.271036.0', 'X-Trello-Environment': 'Production', 'Access-Control-Allow-Origin': '*', 'Access-Control-Allow-Methods': 'GET, PUT, POST, DELETE', 'Access-Control-Allow-Headers': 'Authorization, Accept, Content-Type', 'Access-Control-Expose-Headers': 'x-rate-limit-api-key-interval-ms, x-rate-limit-api-key-max, x-rate-limit-api-key-remaining, x-rate-limit-api-token-interval-ms, x-rate-limit-api-token-max, x-rate-limit-api-token-remaining', 'X-Rate-Limit-Db-Query-Time-Interval-Ms': '600000', 'X-Rate-Limit-Db-Query-Time-Max': '7200000', 'X-Rate-Limit-Db-Query-Time-Remaining': '7199990', 'X-Rate-Limit-Api-Token-Interval-Ms': '10000', 'X-Rate-Limit-Api-Token-Max': '100', 'X-Rate-Limit-Api-Token-Remaining': '97', 'X-Rate-Limit-Api-Key-Interval-Ms': '10000', 'X-Rate-Limit-Api-Key-Max': '300', 'X-Rate-Limit-Api-Key-Remaining': '297', 'X-Rate-Limit-Member-Interval-Ms': '10000', 'X-Rate-Limit-Member-Max': '375', 'X-Rate-Limit-Member-Remaining': '372', 'X-Server-Time': '1712686806308', 'X-Trello-Api-Org-Selected': 'true', 'Server': 'AtlassianEdge', 'X-Content-Type-Options': 'nosniff', 'X-Xss-Protection': '1; mode=block', 'Atl-Traceid': 'c77d471303ca4deaaeecb4a05e08ecc5', 'Strict-Transport-Security': 'max-age=63072000; preload', 'Report-To': '{"endpoints": [{"url": "https://dz8aopenkvv6s.cloudfront.net"}], "group": "endpoint-1", "include_subdomains": true, "max_age": 600}', 'Nel': '{"failure_fraction": 0.001, "include_subdomains": true, "max_age": 600, "report_to": "endpoint-1"}', 'X-Cache': 'Miss from cloudfront', 'Via': '1.1 c5a23bba638aac9b23d8122f80be84e6.cloudfront.net (CloudFront)', 'X-Amz-Cf-Pop': 'GRU50-C1', 'X-Amz-Cf-Id': 'G3-mr5kRJUD4nwNe8D1cPl37B85B8-3O6kZ0bw7Mp-HysY-RnhjNMw=='} 
 body={"id":"661586d69e333f314a5a960c","name":"myBoard1","desc":"","descData":null,"closed":false,"idOrganization":"65e5819945d59a9761e108e0","idEnterprise":null,"pinned":false,"url":"https://trello.com/b/0bHRfOLS/myboard1","shortUrl":"https://trello.com/b/0bHRfOLS","prefs":{"permissionLevel":"private","hideVotes":false,"voting":"disabled","comments":"members","invitations":"members","selfJoin":true,"cardCovers":true,"cardCounts":false,"isTemplate":false,"cardAging":"regular","calendarFeedEnabled":false,"hiddenPluginBoardButtons":[],"switcherViews":[{"viewType":"Board","enabled":true},{"viewType":"Table","enabled":true},{"viewType":"Calendar","enabled":false},{"viewType":"Dashboard","enabled":false},{"viewType":"Timeline","enabled":false},{"viewType":"Map","enabled":false}],"background":"blue","backgroundColor":"#0079BF","backgroundImage":null,"backgroundTile":false,"backgroundBrightness":"dark","sharedSourceUrl":null,"backgroundImageScaled":null,"backgroundBottomColor":"#0079BF","backgroundTopColor":"#0079BF","canBePublic":true,"canBeEnterprise":true,"canBeOrg":true,"canBePrivate":true,"canInvite":true},"labelNames":{"green":"","yellow":"","orange":"","red":"","purple":"","blue":"","sky":"","lime":"","pink":"","black":"","green_dark":"","yellow_dark":"","orange_dark":"","red_dark":"","purple_dark":"","blue_dark":"","sky_dark":"","lime_dark":"","pink_dark":"","black_dark":"","green_light":"","yellow_light":"","orange_light":"","red_light":"","purple_light":"","blue_light":"","sky_light":"","lime_light":"","pink_light":"","black_light":""},"limits":{}} 
 </msg>
<msg time="2024-04-09T15:20:06.390304" level="INFO">C:\Python312\Lib\site-packages\urllib3\connectionpool.py:1103: InsecureRequestWarning: Unverified HTTPS request is being made to host 'api.trello.com'. Adding certificate verification is strongly advised. See: https://urllib3.readthedocs.io/en/latest/advanced-usage.html#tls-warnings
  warnings.warn(</msg>
<msg time="2024-04-09T15:20:06.394824" level="INFO">${responseCB} = &lt;Response [200]&gt;</msg>
<var>${responseCB}</var>
<arg>alias=trello</arg>
<arg>url=/1/boards/?name=myBoard1&amp;key=${KEY}&amp;token=${TOKEN}</arg>
<arg>expected_status=200</arg>
<doc>Sends a POST request on a previously created HTTP Session.</doc>
<status status="PASS" start="2024-04-09T15:20:05.817988" elapsed="0.576836"/>
</kw>
<kw name="Set Variable" owner="BuiltIn">
<msg time="2024-04-09T15:20:06.394824" level="INFO">${board_id} = 661586d69e333f314a5a960c</msg>
<var>${board_id}</var>
<arg>${responseCB.json()['id']}</arg>
<doc>Returns the given values which can then be assigned to a variables.</doc>
<status status="PASS" start="2024-04-09T15:20:06.394824" elapsed="0.000000"/>
</kw>
<kw name="Create File" owner="OperatingSystem">
<msg time="2024-04-09T15:20:06.394824" level="INFO" html="true">Created file '&lt;a href="file://C:\robot-trello_API\api\fixtures\testdata.json"&gt;C:\robot-trello_API\api\fixtures\testdata.json&lt;/a&gt;'.</msg>
<arg>api/fixtures/testdata.json</arg>
<arg>{"board_id":"${board_id}"}</arg>
<doc>Creates a file with the given content and encoding.</doc>
<status status="PASS" start="2024-04-09T15:20:06.394824" elapsed="0.000000"/>
</kw>
<status status="PASS" start="2024-04-09T15:20:05.817988" elapsed="0.576836"/>
</kw>
<kw name="Load Json From File" owner="JSONLibrary">
<msg time="2024-04-09T15:20:06.414497" level="INFO">${data} = {'board_id': '661586d69e333f314a5a960c'}</msg>
<var>${data}</var>
<arg>api/fixtures/testdata.json</arg>
<doc>Load JSON from file.</doc>
<status status="PASS" start="2024-04-09T15:20:06.394824" elapsed="0.019673"/>
</kw>
<kw name="Get Value From Json" owner="JSONLibrary">
<msg time="2024-04-09T15:20:06.433828" level="INFO">${board_id_ob} = ['661586d69e333f314a5a960c']</msg>
<var>${board_id_ob}</var>
<arg>${data}</arg>
<arg>$.board_id</arg>
<doc>Get Value From JSON using JSONPath</doc>
<status status="PASS" start="2024-04-09T15:20:06.415492" elapsed="0.018336"/>
</kw>
<kw name="Convert Json To String" owner="JSONLibrary">
<msg time="2024-04-09T15:20:06.433828" level="INFO">${board_id_str} = ["661586d69e333f314a5a960c"]</msg>
<var>${board_id_str}</var>
<arg>${board_id_ob}</arg>
<doc>Convert JSON object to string</doc>
<status status="PASS" start="2024-04-09T15:20:06.433828" elapsed="0.000000"/>
</kw>
<kw name="Remove String" owner="String">
<msg time="2024-04-09T15:20:06.433828" level="INFO">${board_id} = 661586d69e333f314a5a960c</msg>
<var>${board_id}</var>
<arg>${board_id_str}</arg>
<arg>[</arg>
<arg>]</arg>
<arg>'</arg>
<arg>"</arg>
<doc>Removes all ``removables`` from the given ``string``.</doc>
<status status="PASS" start="2024-04-09T15:20:06.433828" elapsed="0.000000"/>
</kw>
<kw name="Create Session" owner="RequestsLibrary">
<msg time="2024-04-09T15:20:06.433828" level="INFO">Creating Session using : alias=trello, url=https://api.trello.com, headers={},                     cookies={}, auth=None, timeout=None, proxies=None, verify=False,                     debug=0 </msg>
<arg>alias=trello</arg>
<arg>url=https://api.trello.com</arg>
<doc>Create Session: create a HTTP session to a server</doc>
<status status="PASS" start="2024-04-09T15:20:06.433828" elapsed="0.000000"/>
</kw>
<kw name="GET On Session" owner="RequestsLibrary">
<msg time="2024-04-09T15:20:06.824199" level="INFO">GET Request : url=https://api.trello.com/1/boards/661586d69e333f314a5a960c?key=053180673914aba1dfdd024bcbce9543&amp;token=ATTAaa5b2ab908052d99a92eaea20d83ae79e1e467e1608f051f6f71d27b4b25c956A13A6D5F 
 path_url=/1/boards/661586d69e333f314a5a960c?key=053180673914aba1dfdd024bcbce9543&amp;token=ATTAaa5b2ab908052d99a92eaea20d83ae79e1e467e1608f051f6f71d27b4b25c956A13A6D5F 
 headers={'User-Agent': 'python-requests/2.31.0', 'Accept-Encoding': 'gzip, deflate', 'Accept': '*/*', 'Connection': 'keep-alive'} 
 body=None 
 </msg>
<msg time="2024-04-09T15:20:06.839778" level="INFO">GET Response : url=https://api.trello.com/1/boards/661586d69e333f314a5a960c?key=053180673914aba1dfdd024bcbce9543&amp;token=ATTAaa5b2ab908052d99a92eaea20d83ae79e1e467e1608f051f6f71d27b4b25c956A13A6D5F 
 status=200, reason=OK 
 headers={'Content-Type': 'application/json; charset=utf-8', 'Content-Length': '1559', 'Connection': 'keep-alive', 'Date': 'Tue, 09 Apr 2024 18:20:06 GMT', 'Referrer-Policy': 'strict-origin-when-cross-origin', 'X-Dns-Prefetch-Control': 'off', 'X-Download-Options': 'noopen', 'X-Frame-Options': 'DENY', 'X-Permitted-Cross-Domain-Policies': 'none', 'Surrogate-Control': 'no-store', 'Cache-Control': 'max-age=0, must-revalidate, no-cache, no-store', 'Expires': 'Thu, 01 Jan 1970 00:00:00', 'X-Trello-Version': '1.271036.0', 'X-Trello-Environment': 'Production', 'Set-Cookie': 'dsc=2506927ce8c33aecd4db8fbb4dca40a185ee16b7ba066aa303215d3809060642; Path=/; Expires=Tue, 23 Apr 2024 18:20:06 GMT; Secure; SameSite=None', 'Access-Control-Allow-Origin': '*', 'Access-Control-Allow-Methods': 'GET, PUT, POST, DELETE', 'Access-Control-Allow-Headers': 'Authorization, Accept, Content-Type', 'Access-Control-Expose-Headers': 'x-rate-limit-api-key-interval-ms, x-rate-limit-api-key-max, x-rate-limit-api-key-remaining, x-rate-limit-api-token-interval-ms, x-rate-limit-api-token-max, x-rate-limit-api-token-remaining', 'X-Rate-Limit-Api-Token-Interval-Ms': '10000', 'X-Rate-Limit-Api-Token-Max': '100', 'X-Rate-Limit-Api-Token-Remaining': '96', 'X-Rate-Limit-Db-Query-Time-Interval-Ms': '600000', 'X-Rate-Limit-Db-Query-Time-Max': '7200000', 'X-Rate-Limit-Db-Query-Time-Remaining': '7199990', 'X-Rate-Limit-Api-Key-Interval-Ms': '10000', 'X-Rate-Limit-Api-Key-Max': '300', 'X-Rate-Limit-Api-Key-Remaining': '296', 'X-Rate-Limit-Member-Interval-Ms': '10000', 'X-Rate-Limit-Member-Max': '375', 'X-Rate-Limit-Member-Remaining': '371', 'X-Server-Time': '1712686806751', 'Server': 'AtlassianEdge', 'X-Content-Type-Options': 'nosniff', 'X-Xss-Protection': '1; mode=block', 'Atl-Traceid': '9c4d6827d53041f9a974c6dd74385d73', 'Strict-Transport-Security': 'max-age=63072000; preload', 'Report-To': '{"endpoints": [{"url": "https://dz8aopenkvv6s.cloudfront.net"}], "group": "endpoint-1", "include_subdomains": true, "max_age": 600}', 'Nel': '{"failure_fraction": 0.001, "include_subdomains": true, "max_age": 600, "report_to": "endpoint-1"}', 'X-Cache': 'Miss from cloudfront', 'Via': '1.1 7196a3190f952f513b9c68ab97d73f42.cloudfront.net (CloudFront)', 'X-Amz-Cf-Pop': 'GRU50-C1', 'X-Amz-Cf-Id': '2CiAQa9Cnd29tafl_As9UptHtTY2Wqj237t1p4H6UbUMHPvoyGNLbw=='} 
 body={"id":"661586d69e333f314a5a960c","name":"myBoard1","desc":"","descData":null,"closed":false,"idOrganization":"65e5819945d59a9761e108e0","idEnterprise":null,"pinned":false,"url":"https://trello.com/b/0bHRfOLS/myboard1","shortUrl":"https://trello.com/b/0bHRfOLS","prefs":{"permissionLevel":"private","hideVotes":false,"voting":"disabled","comments":"members","invitations":"members","selfJoin":true,"cardCovers":true,"cardCounts":false,"isTemplate":false,"cardAging":"regular","calendarFeedEnabled":false,"hiddenPluginBoardButtons":[],"switcherViews":[{"viewType":"Board","enabled":true},{"viewType":"Table","enabled":true},{"viewType":"Calendar","enabled":false},{"viewType":"Dashboard","enabled":false},{"viewType":"Timeline","enabled":false},{"viewType":"Map","enabled":false}],"background":"blue","backgroundColor":"#0079BF","backgroundImage":null,"backgroundTile":false,"backgroundBrightness":"dark","sharedSourceUrl":null,"backgroundImageScaled":null,"backgroundBottomColor":"#0079BF","backgroundTopColor":"#0079BF","canBePublic":true,"canBeEnterprise":true,"canBeOrg":true,"canBePrivate":true,"canInvite":true},"labelNames":{"green":"","yellow":"","orange":"","red":"","purple":"","blue":"","sky":"","lime":"","pink":"","black":"","green_dark":"","yellow_dark":"","orange_dark":"","red_dark":"","purple_dark":"","blue_dark":"","sky_dark":"","lime_dark":"","pink_dark":"","black_dark":"","green_light":"","yellow_light":"","orange_light":"","red_light":"","purple_light":"","blue_light":"","sky_light":"","lime_light":"","pink_light":"","black_light":""}} 
 </msg>
<msg time="2024-04-09T15:20:06.839778" level="INFO">C:\Python312\Lib\site-packages\urllib3\connectionpool.py:1103: InsecureRequestWarning: Unverified HTTPS request is being made to host 'api.trello.com'. Adding certificate verification is strongly advised. See: https://urllib3.readthedocs.io/en/latest/advanced-usage.html#tls-warnings
  warnings.warn(</msg>
<msg time="2024-04-09T15:20:06.839778" level="INFO">${responseGB} = &lt;Response [200]&gt;</msg>
<var>${responseGB}</var>
<arg>alias=trello</arg>
<arg>url=/1/boards/${board_id}?key=${KEY}&amp;token=${TOKEN}</arg>
<arg>expected_status=200</arg>
<doc>Sends a GET request on a previously created HTTP Session.</doc>
<status status="PASS" start="2024-04-09T15:20:06.439881" elapsed="0.399897"/>
</kw>
<kw name="Set Variable" owner="BuiltIn">
<msg time="2024-04-09T15:20:06.839778" level="INFO">${board_id} = 661586d69e333f314a5a960c</msg>
<var>${board_id}</var>
<arg>${responseGB.json()['id']}</arg>
<doc>Returns the given values which can then be assigned to a variables.</doc>
<status status="PASS" start="2024-04-09T15:20:06.839778" elapsed="0.000000"/>
</kw>
<kw name="Log To Console" owner="BuiltIn">
<arg>${board_id}</arg>
<doc>Logs the given message to the console.</doc>
<status status="PASS" start="2024-04-09T15:20:06.839778" elapsed="0.000000"/>
</kw>
<kw name="Delete a board" owner="test">
<kw name="Load Json From File" owner="JSONLibrary">
<msg time="2024-04-09T15:20:06.859240" level="INFO">${data} = {'board_id': '661586d69e333f314a5a960c'}</msg>
<var>${data}</var>
<arg>api/fixtures/testdata.json</arg>
<doc>Load JSON from file.</doc>
<status status="PASS" start="2024-04-09T15:20:06.856217" elapsed="0.003023"/>
</kw>
<kw name="Get Value From Json" owner="JSONLibrary">
<msg time="2024-04-09T15:20:06.887678" level="INFO">${board_id_ob} = ['661586d69e333f314a5a960c']</msg>
<var>${board_id_ob}</var>
<arg>${data}</arg>
<arg>$.board_id</arg>
<doc>Get Value From JSON using JSONPath</doc>
<status status="PASS" start="2024-04-09T15:20:06.860231" elapsed="0.027447"/>
</kw>
<kw name="Convert Json To String" owner="JSONLibrary">
<msg time="2024-04-09T15:20:06.887678" level="INFO">${board_id_str} = ["661586d69e333f314a5a960c"]</msg>
<var>${board_id_str}</var>
<arg>${board_id_ob}</arg>
<doc>Convert JSON object to string</doc>
<status status="PASS" start="2024-04-09T15:20:06.887678" elapsed="0.000000"/>
</kw>
<kw name="Remove String" owner="String">
<msg time="2024-04-09T15:20:06.887678" level="INFO">${board_id} = 661586d69e333f314a5a960c</msg>
<var>${board_id}</var>
<arg>${board_id_str}</arg>
<arg>[</arg>
<arg>]</arg>
<arg>'</arg>
<arg>"</arg>
<doc>Removes all ``removables`` from the given ``string``.</doc>
<status status="PASS" start="2024-04-09T15:20:06.887678" elapsed="0.000000"/>
</kw>
<kw name="DELETE On Session" owner="RequestsLibrary">
<msg time="2024-04-09T15:20:08.503585" level="INFO">DELETE Request : url=https://api.trello.com/1/boards/661586d69e333f314a5a960c?key=053180673914aba1dfdd024bcbce9543&amp;token=ATTAaa5b2ab908052d99a92eaea20d83ae79e1e467e1608f051f6f71d27b4b25c956A13A6D5F 
 path_url=/1/boards/661586d69e333f314a5a960c?key=053180673914aba1dfdd024bcbce9543&amp;token=ATTAaa5b2ab908052d99a92eaea20d83ae79e1e467e1608f051f6f71d27b4b25c956A13A6D5F 
 headers={'User-Agent': 'python-requests/2.31.0', 'Accept-Encoding': 'gzip, deflate', 'Accept': '*/*', 'Connection': 'keep-alive', 'Cookie': 'dsc=2506927ce8c33aecd4db8fbb4dca40a185ee16b7ba066aa303215d3809060642', 'Content-Length': '0'} 
 body=None 
 </msg>
<msg time="2024-04-09T15:20:08.503585" level="INFO">DELETE Response : url=https://api.trello.com/1/boards/661586d69e333f314a5a960c?key=053180673914aba1dfdd024bcbce9543&amp;token=ATTAaa5b2ab908052d99a92eaea20d83ae79e1e467e1608f051f6f71d27b4b25c956A13A6D5F 
 status=200, reason=OK 
 headers={'Content-Type': 'application/json; charset=utf-8', 'Content-Length': '16', 'Connection': 'keep-alive', 'Date': 'Tue, 09 Apr 2024 18:20:08 GMT', 'Referrer-Policy': 'strict-origin-when-cross-origin', 'X-Dns-Prefetch-Control': 'off', 'X-Download-Options': 'noopen', 'X-Frame-Options': 'DENY', 'X-Permitted-Cross-Domain-Policies': 'none', 'Surrogate-Control': 'no-store', 'Cache-Control': 'max-age=0, must-revalidate, no-cache, no-store', 'Expires': 'Thu, 01 Jan 1970 00:00:00', 'X-Trello-Version': '1.271036.0', 'X-Trello-Environment': 'Production', 'Access-Control-Allow-Origin': '*', 'Access-Control-Allow-Methods': 'GET, PUT, POST, DELETE', 'Access-Control-Allow-Headers': 'Authorization, Accept, Content-Type', 'Access-Control-Expose-Headers': 'x-rate-limit-api-key-interval-ms, x-rate-limit-api-key-max, x-rate-limit-api-key-remaining, x-rate-limit-api-token-interval-ms, x-rate-limit-api-token-max, x-rate-limit-api-token-remaining', 'X-Rate-Limit-Api-Token-Interval-Ms': '10000', 'X-Rate-Limit-Api-Token-Max': '100', 'X-Rate-Limit-Api-Token-Remaining': '95', 'X-Rate-Limit-Db-Query-Time-Interval-Ms': '600000', 'X-Rate-Limit-Db-Query-Time-Max': '7200000', 'X-Rate-Limit-Db-Query-Time-Remaining': '7199990', 'X-Rate-Limit-Api-Key-Interval-Ms': '10000', 'X-Rate-Limit-Api-Key-Max': '300', 'X-Rate-Limit-Api-Key-Remaining': '295', 'X-Rate-Limit-Member-Interval-Ms': '10000', 'X-Rate-Limit-Member-Max': '375', 'X-Rate-Limit-Member-Remaining': '370', 'X-Server-Time': '1712686808428', 'Server': 'AtlassianEdge', 'X-Content-Type-Options': 'nosniff', 'X-Xss-Protection': '1; mode=block', 'Atl-Traceid': '51c6dde7101e47d78ef3a023e0fe078b', 'Strict-Transport-Security': 'max-age=63072000; preload', 'Report-To': '{"endpoints": [{"url": "https://dz8aopenkvv6s.cloudfront.net"}], "group": "endpoint-1", "include_subdomains": true, "max_age": 600}', 'Nel': '{"failure_fraction": 0.001, "include_subdomains": true, "max_age": 600, "report_to": "endpoint-1"}', 'X-Cache': 'Miss from cloudfront', 'Via': '1.1 7196a3190f952f513b9c68ab97d73f42.cloudfront.net (CloudFront)', 'X-Amz-Cf-Pop': 'GRU50-C1', 'X-Amz-Cf-Id': '4Z_7ftPtNHEKuOvg9x91qPUuF6Ff_CV-ml6G9due4yZ-tVj0ODAhQA=='} 
 body={"_value":null}
 
 </msg>
<msg time="2024-04-09T15:20:08.503585" level="INFO">C:\Python312\Lib\site-packages\urllib3\connectionpool.py:1103: InsecureRequestWarning: Unverified HTTPS request is being made to host 'api.trello.com'. Adding certificate verification is strongly advised. See: https://urllib3.readthedocs.io/en/latest/advanced-usage.html#tls-warnings
  warnings.warn(</msg>
<arg>alias=trello</arg>
<arg>url=/1/boards/${board_id}?key=${KEY}&amp;token=${TOKEN}</arg>
<arg>expected_status=200</arg>
<doc>Sends a DELETE request on a previously created HTTP Session.</doc>
<status status="PASS" start="2024-04-09T15:20:06.887678" elapsed="1.615907"/>
</kw>
<status status="PASS" start="2024-04-09T15:20:06.839778" elapsed="1.663807"/>
</kw>
<status status="PASS" start="2024-04-09T15:20:05.817988" elapsed="2.701110"/>
</test>
<test id="s1-s1-s1-t3" name="Update a board - name" line="35">
<kw name="Create a board" owner="test">
<kw name="Create Session" owner="RequestsLibrary">
<msg time="2024-04-09T15:20:08.519098" level="INFO">Creating Session using : alias=trello, url=https://api.trello.com, headers={},                     cookies={}, auth=None, timeout=None, proxies=None, verify=False,                     debug=0 </msg>
<arg>alias=trello</arg>
<arg>url=https://api.trello.com</arg>
<doc>Create Session: create a HTTP session to a server</doc>
<status status="PASS" start="2024-04-09T15:20:08.519098" elapsed="0.000000"/>
</kw>
<kw name="POST On Session" owner="RequestsLibrary">
<msg time="2024-04-09T15:20:09.385070" level="INFO">POST Request : url=https://api.trello.com/1/boards/?name=myBoard1&amp;key=053180673914aba1dfdd024bcbce9543&amp;token=ATTAaa5b2ab908052d99a92eaea20d83ae79e1e467e1608f051f6f71d27b4b25c956A13A6D5F 
 path_url=/1/boards/?name=myBoard1&amp;key=053180673914aba1dfdd024bcbce9543&amp;token=ATTAaa5b2ab908052d99a92eaea20d83ae79e1e467e1608f051f6f71d27b4b25c956A13A6D5F 
 headers={'User-Agent': 'python-requests/2.31.0', 'Accept-Encoding': 'gzip, deflate', 'Accept': '*/*', 'Connection': 'keep-alive', 'Content-Length': '0'} 
 body=None 
 </msg>
<msg time="2024-04-09T15:20:09.385070" level="INFO">POST Response : url=https://api.trello.com/1/boards/?name=myBoard1&amp;key=053180673914aba1dfdd024bcbce9543&amp;token=ATTAaa5b2ab908052d99a92eaea20d83ae79e1e467e1608f051f6f71d27b4b25c956A13A6D5F 
 status=200, reason=OK 
 headers={'Content-Type': 'application/json; charset=utf-8', 'Content-Length': '1571', 'Connection': 'keep-alive', 'Date': 'Tue, 09 Apr 2024 18:20:09 GMT', 'Referrer-Policy': 'strict-origin-when-cross-origin', 'X-Dns-Prefetch-Control': 'off', 'X-Download-Options': 'noopen', 'X-Frame-Options': 'DENY', 'X-Permitted-Cross-Domain-Policies': 'none', 'Surrogate-Control': 'no-store', 'Cache-Control': 'max-age=0, must-revalidate, no-cache, no-store', 'Expires': 'Thu, 01 Jan 1970 00:00:00', 'X-Trello-Version': '1.271036.0', 'X-Trello-Environment': 'Production', 'Access-Control-Allow-Origin': '*', 'Access-Control-Allow-Methods': 'GET, PUT, POST, DELETE', 'Access-Control-Allow-Headers': 'Authorization, Accept, Content-Type', 'Access-Control-Expose-Headers': 'x-rate-limit-api-key-interval-ms, x-rate-limit-api-key-max, x-rate-limit-api-key-remaining, x-rate-limit-api-token-interval-ms, x-rate-limit-api-token-max, x-rate-limit-api-token-remaining', 'X-Rate-Limit-Api-Token-Interval-Ms': '10000', 'X-Rate-Limit-Api-Token-Max': '100', 'X-Rate-Limit-Api-Token-Remaining': '94', 'X-Rate-Limit-Db-Query-Time-Interval-Ms': '600000', 'X-Rate-Limit-Db-Query-Time-Max': '7200000', 'X-Rate-Limit-Db-Query-Time-Remaining': '7199990', 'X-Rate-Limit-Api-Key-Interval-Ms': '10000', 'X-Rate-Limit-Api-Key-Max': '300', 'X-Rate-Limit-Api-Key-Remaining': '294', 'X-Rate-Limit-Member-Interval-Ms': '10000', 'X-Rate-Limit-Member-Max': '375', 'X-Rate-Limit-Member-Remaining': '369', 'X-Server-Time': '1712686809308', 'X-Trello-Api-Org-Selected': 'true', 'Server': 'AtlassianEdge', 'X-Content-Type-Options': 'nosniff', 'X-Xss-Protection': '1; mode=block', 'Atl-Traceid': '62a8b5d9f240445ca4e1279aaa52d033', 'Strict-Transport-Security': 'max-age=63072000; preload', 'Report-To': '{"endpoints": [{"url": "https://dz8aopenkvv6s.cloudfront.net"}], "group": "endpoint-1", "include_subdomains": true, "max_age": 600}', 'Nel': '{"failure_fraction": 0.001, "include_subdomains": true, "max_age": 600, "report_to": "endpoint-1"}', 'X-Cache': 'Miss from cloudfront', 'Via': '1.1 96b669077e1d9233609b72e63713360a.cloudfront.net (CloudFront)', 'X-Amz-Cf-Pop': 'GRU50-C1', 'X-Amz-Cf-Id': 'XrezZJFuy5t0Xdf76DxulBdYFyGhDF9vE97TvJ-QfhxoirIrPrv9lQ=='} 
 body={"id":"661586d999b983805234420b","name":"myBoard1","desc":"","descData":null,"closed":false,"idOrganization":"65e5819945d59a9761e108e0","idEnterprise":null,"pinned":false,"url":"https://trello.com/b/pKusKu2o/myboard1","shortUrl":"https://trello.com/b/pKusKu2o","prefs":{"permissionLevel":"private","hideVotes":false,"voting":"disabled","comments":"members","invitations":"members","selfJoin":true,"cardCovers":true,"cardCounts":false,"isTemplate":false,"cardAging":"regular","calendarFeedEnabled":false,"hiddenPluginBoardButtons":[],"switcherViews":[{"viewType":"Board","enabled":true},{"viewType":"Table","enabled":true},{"viewType":"Calendar","enabled":false},{"viewType":"Dashboard","enabled":false},{"viewType":"Timeline","enabled":false},{"viewType":"Map","enabled":false}],"background":"blue","backgroundColor":"#0079BF","backgroundImage":null,"backgroundTile":false,"backgroundBrightness":"dark","sharedSourceUrl":null,"backgroundImageScaled":null,"backgroundBottomColor":"#0079BF","backgroundTopColor":"#0079BF","canBePublic":true,"canBeEnterprise":true,"canBeOrg":true,"canBePrivate":true,"canInvite":true},"labelNames":{"green":"","yellow":"","orange":"","red":"","purple":"","blue":"","sky":"","lime":"","pink":"","black":"","green_dark":"","yellow_dark":"","orange_dark":"","red_dark":"","purple_dark":"","blue_dark":"","sky_dark":"","lime_dark":"","pink_dark":"","black_dark":"","green_light":"","yellow_light":"","orange_light":"","red_light":"","purple_light":"","blue_light":"","sky_light":"","lime_light":"","pink_light":"","black_light":""},"limits":{}} 
 </msg>
<msg time="2024-04-09T15:20:09.385070" level="INFO">C:\Python312\Lib\site-packages\urllib3\connectionpool.py:1103: InsecureRequestWarning: Unverified HTTPS request is being made to host 'api.trello.com'. Adding certificate verification is strongly advised. See: https://urllib3.readthedocs.io/en/latest/advanced-usage.html#tls-warnings
  warnings.warn(</msg>
<msg time="2024-04-09T15:20:09.385070" level="INFO">${responseCB} = &lt;Response [200]&gt;</msg>
<var>${responseCB}</var>
<arg>alias=trello</arg>
<arg>url=/1/boards/?name=myBoard1&amp;key=${KEY}&amp;token=${TOKEN}</arg>
<arg>expected_status=200</arg>
<doc>Sends a POST request on a previously created HTTP Session.</doc>
<status status="PASS" start="2024-04-09T15:20:08.519098" elapsed="0.865972"/>
</kw>
<kw name="Set Variable" owner="BuiltIn">
<msg time="2024-04-09T15:20:09.385070" level="INFO">${board_id} = 661586d999b983805234420b</msg>
<var>${board_id}</var>
<arg>${responseCB.json()['id']}</arg>
<doc>Returns the given values which can then be assigned to a variables.</doc>
<status status="PASS" start="2024-04-09T15:20:09.385070" elapsed="0.000000"/>
</kw>
<kw name="Create File" owner="OperatingSystem">
<msg time="2024-04-09T15:20:09.385070" level="INFO" html="true">Created file '&lt;a href="file://C:\robot-trello_API\api\fixtures\testdata.json"&gt;C:\robot-trello_API\api\fixtures\testdata.json&lt;/a&gt;'.</msg>
<arg>api/fixtures/testdata.json</arg>
<arg>{"board_id":"${board_id}"}</arg>
<doc>Creates a file with the given content and encoding.</doc>
<status status="PASS" start="2024-04-09T15:20:09.385070" elapsed="0.000000"/>
</kw>
<status status="PASS" start="2024-04-09T15:20:08.519098" elapsed="0.865972"/>
</kw>
<kw name="Load Json From File" owner="JSONLibrary">
<msg time="2024-04-09T15:20:09.404631" level="INFO">${data} = {'board_id': '661586d999b983805234420b'}</msg>
<var>${data}</var>
<arg>api/fixtures/testdata.json</arg>
<doc>Load JSON from file.</doc>
<status status="PASS" start="2024-04-09T15:20:09.385070" elapsed="0.019561"/>
</kw>
<kw name="Get Value From Json" owner="JSONLibrary">
<msg time="2024-04-09T15:20:09.430186" level="INFO">${board_id_ob} = ['661586d999b983805234420b']</msg>
<var>${board_id_ob}</var>
<arg>${data}</arg>
<arg>$.board_id</arg>
<doc>Get Value From JSON using JSONPath</doc>
<status status="PASS" start="2024-04-09T15:20:09.405659" elapsed="0.024527"/>
</kw>
<kw name="Convert Json To String" owner="JSONLibrary">
<msg time="2024-04-09T15:20:09.431189" level="INFO">${board_id_str} = ["661586d999b983805234420b"]</msg>
<var>${board_id_str}</var>
<arg>${board_id_ob}</arg>
<doc>Convert JSON object to string</doc>
<status status="PASS" start="2024-04-09T15:20:09.431189" elapsed="0.000998"/>
</kw>
<kw name="Remove String" owner="String">
<msg time="2024-04-09T15:20:09.433351" level="INFO">${board_id} = 661586d999b983805234420b</msg>
<var>${board_id}</var>
<arg>${board_id_str}</arg>
<arg>[</arg>
<arg>]</arg>
<arg>'</arg>
<arg>"</arg>
<doc>Removes all ``removables`` from the given ``string``.</doc>
<status status="PASS" start="2024-04-09T15:20:09.432349" elapsed="0.001002"/>
</kw>
<kw name="Create Session" owner="RequestsLibrary">
<msg time="2024-04-09T15:20:09.434350" level="INFO">Creating Session using : alias=trello, url=https://api.trello.com, headers={},                     cookies={}, auth=None, timeout=None, proxies=None, verify=False,                     debug=0 </msg>
<arg>alias=trello</arg>
<arg>url=https://api.trello.com</arg>
<doc>Create Session: create a HTTP session to a server</doc>
<status status="PASS" start="2024-04-09T15:20:09.433351" elapsed="0.000999"/>
</kw>
<kw name="PUT On Session" owner="RequestsLibrary">
<msg time="2024-04-09T15:20:09.804736" level="INFO">PUT Request : url=https://api.trello.com/1/boards/661586d999b983805234420b?key=053180673914aba1dfdd024bcbce9543&amp;token=ATTAaa5b2ab908052d99a92eaea20d83ae79e1e467e1608f051f6f71d27b4b25c956A13A6D5F 
 path_url=/1/boards/661586d999b983805234420b?key=053180673914aba1dfdd024bcbce9543&amp;token=ATTAaa5b2ab908052d99a92eaea20d83ae79e1e467e1608f051f6f71d27b4b25c956A13A6D5F 
 headers={'User-Agent': 'python-requests/2.31.0', 'Accept-Encoding': 'gzip, deflate', 'Accept': '*/*', 'Connection': 'keep-alive', 'Content-Length': '18'} 
 body={name: "myBoard2"} 
 </msg>
<msg time="2024-04-09T15:20:09.804736" level="INFO">PUT Response : url=https://api.trello.com/1/boards/661586d999b983805234420b?key=053180673914aba1dfdd024bcbce9543&amp;token=ATTAaa5b2ab908052d99a92eaea20d83ae79e1e467e1608f051f6f71d27b4b25c956A13A6D5F 
 status=200, reason=OK 
 headers={'Content-Type': 'application/json; charset=utf-8', 'Content-Length': '1559', 'Connection': 'keep-alive', 'Date': 'Tue, 09 Apr 2024 18:20:09 GMT', 'Referrer-Policy': 'strict-origin-when-cross-origin', 'X-Dns-Prefetch-Control': 'off', 'X-Download-Options': 'noopen', 'X-Frame-Options': 'DENY', 'X-Permitted-Cross-Domain-Policies': 'none', 'Surrogate-Control': 'no-store', 'Cache-Control': 'max-age=0, must-revalidate, no-cache, no-store', 'Expires': 'Thu, 01 Jan 1970 00:00:00', 'X-Trello-Version': '1.271036.0', 'X-Trello-Environment': 'Production', 'Access-Control-Allow-Origin': '*', 'Access-Control-Allow-Methods': 'GET, PUT, POST, DELETE', 'Access-Control-Allow-Headers': 'Authorization, Accept, Content-Type', 'Access-Control-Expose-Headers': 'x-rate-limit-api-key-interval-ms, x-rate-limit-api-key-max, x-rate-limit-api-key-remaining, x-rate-limit-api-token-interval-ms, x-rate-limit-api-token-max, x-rate-limit-api-token-remaining', 'X-Rate-Limit-Api-Token-Interval-Ms': '10000', 'X-Rate-Limit-Api-Token-Max': '100', 'X-Rate-Limit-Api-Token-Remaining': '93', 'X-Rate-Limit-Db-Query-Time-Interval-Ms': '600000', 'X-Rate-Limit-Db-Query-Time-Max': '7200000', 'X-Rate-Limit-Db-Query-Time-Remaining': '7199990', 'X-Rate-Limit-Api-Key-Interval-Ms': '10000', 'X-Rate-Limit-Api-Key-Max': '300', 'X-Rate-Limit-Api-Key-Remaining': '293', 'X-Rate-Limit-Member-Interval-Ms': '10000', 'X-Rate-Limit-Member-Max': '375', 'X-Rate-Limit-Member-Remaining': '368', 'X-Server-Time': '1712686809732', 'Server': 'AtlassianEdge', 'X-Content-Type-Options': 'nosniff', 'X-Xss-Protection': '1; mode=block', 'Atl-Traceid': '31c2e8bba26f4a5787eca7b4871636e9', 'Strict-Transport-Security': 'max-age=63072000; preload', 'Report-To': '{"endpoints": [{"url": "https://dz8aopenkvv6s.cloudfront.net"}], "group": "endpoint-1", "include_subdomains": true, "max_age": 600}', 'Nel': '{"failure_fraction": 0.001, "include_subdomains": true, "max_age": 600, "report_to": "endpoint-1"}', 'X-Cache': 'Miss from cloudfront', 'Via': '1.1 3fff6e22f8d6795a61bfdca17d362ca4.cloudfront.net (CloudFront)', 'X-Amz-Cf-Pop': 'GRU50-C1', 'X-Amz-Cf-Id': 'Ebyb051LPQT9BUUp382qtDb5XmbpwPPC0KaQRHvWz-kgT35jmF7Qsw=='} 
 body={"id":"661586d999b983805234420b","name":"myBoard1","desc":"","descData":null,"closed":false,"idOrganization":"65e5819945d59a9761e108e0","idEnterprise":null,"pinned":false,"url":"https://trello.com/b/pKusKu2o/myboard1","shortUrl":"https://trello.com/b/pKusKu2o","prefs":{"permissionLevel":"private","hideVotes":false,"voting":"disabled","comments":"members","invitations":"members","selfJoin":true,"cardCovers":true,"cardCounts":false,"isTemplate":false,"cardAging":"regular","calendarFeedEnabled":false,"hiddenPluginBoardButtons":[],"switcherViews":[{"viewType":"Board","enabled":true},{"viewType":"Table","enabled":true},{"viewType":"Calendar","enabled":false},{"viewType":"Dashboard","enabled":false},{"viewType":"Timeline","enabled":false},{"viewType":"Map","enabled":false}],"background":"blue","backgroundColor":"#0079BF","backgroundImage":null,"backgroundTile":false,"backgroundBrightness":"dark","sharedSourceUrl":null,"backgroundImageScaled":null,"backgroundBottomColor":"#0079BF","backgroundTopColor":"#0079BF","canBePublic":true,"canBeEnterprise":true,"canBeOrg":true,"canBePrivate":true,"canInvite":true},"labelNames":{"green":"","yellow":"","orange":"","red":"","purple":"","blue":"","sky":"","lime":"","pink":"","black":"","green_dark":"","yellow_dark":"","orange_dark":"","red_dark":"","purple_dark":"","blue_dark":"","sky_dark":"","lime_dark":"","pink_dark":"","black_dark":"","green_light":"","yellow_light":"","orange_light":"","red_light":"","purple_light":"","blue_light":"","sky_light":"","lime_light":"","pink_light":"","black_light":""}} 
 </msg>
<msg time="2024-04-09T15:20:09.804736" level="INFO">C:\Python312\Lib\site-packages\urllib3\connectionpool.py:1103: InsecureRequestWarning: Unverified HTTPS request is being made to host 'api.trello.com'. Adding certificate verification is strongly advised. See: https://urllib3.readthedocs.io/en/latest/advanced-usage.html#tls-warnings
  warnings.warn(</msg>
<msg time="2024-04-09T15:20:09.824824" level="INFO">${responseUB} = &lt;Response [200]&gt;</msg>
<var>${responseUB}</var>
<arg>alias=trello</arg>
<arg>url=/1/boards/${board_id}?key=${KEY}&amp;token=${TOKEN}</arg>
<arg>data={name: "myBoard2"}</arg>
<arg>expected_status=200</arg>
<doc>Sends a PUT request on a previously created HTTP Session.</doc>
<status status="PASS" start="2024-04-09T15:20:09.435405" elapsed="0.390437"/>
</kw>
<kw name="Set Variable" owner="BuiltIn">
<msg time="2024-04-09T15:20:09.833845" level="INFO">${board_name} = myBoard1</msg>
<var>${board_name}</var>
<arg>${responseUB.json()['name']}</arg>
<doc>Returns the given values which can then be assigned to a variables.</doc>
<status status="PASS" start="2024-04-09T15:20:09.828853" elapsed="0.004992"/>
</kw>
<kw name="Log To Console" owner="BuiltIn">
<arg>${board_name}</arg>
<doc>Logs the given message to the console.</doc>
<status status="PASS" start="2024-04-09T15:20:09.836009" elapsed="0.002254"/>
</kw>
<kw name="Delete a board" owner="test">
<kw name="Load Json From File" owner="JSONLibrary">
<msg time="2024-04-09T15:20:09.842107" level="INFO">${data} = {'board_id': '661586d999b983805234420b'}</msg>
<var>${data}</var>
<arg>api/fixtures/testdata.json</arg>
<doc>Load JSON from file.</doc>
<status status="PASS" start="2024-04-09T15:20:09.840372" elapsed="0.001735"/>
</kw>
<kw name="Get Value From Json" owner="JSONLibrary">
<msg time="2024-04-09T15:20:09.867970" level="INFO">${board_id_ob} = ['661586d999b983805234420b']</msg>
<var>${board_id_ob}</var>
<arg>${data}</arg>
<arg>$.board_id</arg>
<doc>Get Value From JSON using JSONPath</doc>
<status status="PASS" start="2024-04-09T15:20:09.842107" elapsed="0.025863"/>
</kw>
<kw name="Convert Json To String" owner="JSONLibrary">
<msg time="2024-04-09T15:20:09.867970" level="INFO">${board_id_str} = ["661586d999b983805234420b"]</msg>
<var>${board_id_str}</var>
<arg>${board_id_ob}</arg>
<doc>Convert JSON object to string</doc>
<status status="PASS" start="2024-04-09T15:20:09.867970" elapsed="0.000000"/>
</kw>
<kw name="Remove String" owner="String">
<msg time="2024-04-09T15:20:09.867970" level="INFO">${board_id} = 661586d999b983805234420b</msg>
<var>${board_id}</var>
<arg>${board_id_str}</arg>
<arg>[</arg>
<arg>]</arg>
<arg>'</arg>
<arg>"</arg>
<doc>Removes all ``removables`` from the given ``string``.</doc>
<status status="PASS" start="2024-04-09T15:20:09.867970" elapsed="0.000000"/>
</kw>
<kw name="DELETE On Session" owner="RequestsLibrary">
<msg time="2024-04-09T15:20:11.271869" level="INFO">DELETE Request : url=https://api.trello.com/1/boards/661586d999b983805234420b?key=053180673914aba1dfdd024bcbce9543&amp;token=ATTAaa5b2ab908052d99a92eaea20d83ae79e1e467e1608f051f6f71d27b4b25c956A13A6D5F 
 path_url=/1/boards/661586d999b983805234420b?key=053180673914aba1dfdd024bcbce9543&amp;token=ATTAaa5b2ab908052d99a92eaea20d83ae79e1e467e1608f051f6f71d27b4b25c956A13A6D5F 
 headers={'User-Agent': 'python-requests/2.31.0', 'Accept-Encoding': 'gzip, deflate', 'Accept': '*/*', 'Connection': 'keep-alive', 'Content-Length': '0'} 
 body=None 
 </msg>
<msg time="2024-04-09T15:20:11.272913" level="INFO">DELETE Response : url=https://api.trello.com/1/boards/661586d999b983805234420b?key=053180673914aba1dfdd024bcbce9543&amp;token=ATTAaa5b2ab908052d99a92eaea20d83ae79e1e467e1608f051f6f71d27b4b25c956A13A6D5F 
 status=200, reason=OK 
 headers={'Content-Type': 'application/json; charset=utf-8', 'Content-Length': '16', 'Connection': 'keep-alive', 'Date': 'Tue, 09 Apr 2024 18:20:11 GMT', 'Referrer-Policy': 'strict-origin-when-cross-origin', 'X-Dns-Prefetch-Control': 'off', 'X-Download-Options': 'noopen', 'X-Frame-Options': 'DENY', 'X-Permitted-Cross-Domain-Policies': 'none', 'Surrogate-Control': 'no-store', 'Cache-Control': 'max-age=0, must-revalidate, no-cache, no-store', 'Expires': 'Thu, 01 Jan 1970 00:00:00', 'X-Trello-Version': '1.271036.0', 'X-Trello-Environment': 'Production', 'Access-Control-Allow-Origin': '*', 'Access-Control-Allow-Methods': 'GET, PUT, POST, DELETE', 'Access-Control-Allow-Headers': 'Authorization, Accept, Content-Type', 'Access-Control-Expose-Headers': 'x-rate-limit-api-key-interval-ms, x-rate-limit-api-key-max, x-rate-limit-api-key-remaining, x-rate-limit-api-token-interval-ms, x-rate-limit-api-token-max, x-rate-limit-api-token-remaining', 'X-Rate-Limit-Api-Token-Interval-Ms': '10000', 'X-Rate-Limit-Api-Token-Max': '100', 'X-Rate-Limit-Api-Token-Remaining': '92', 'X-Rate-Limit-Db-Query-Time-Interval-Ms': '600000', 'X-Rate-Limit-Db-Query-Time-Max': '7200000', 'X-Rate-Limit-Db-Query-Time-Remaining': '7199990', 'X-Rate-Limit-Api-Key-Interval-Ms': '10000', 'X-Rate-Limit-Api-Key-Max': '300', 'X-Rate-Limit-Api-Key-Remaining': '292', 'X-Rate-Limit-Member-Interval-Ms': '10000', 'X-Rate-Limit-Member-Max': '375', 'X-Rate-Limit-Member-Remaining': '367', 'X-Server-Time': '1712686811186', 'Server': 'AtlassianEdge', 'X-Content-Type-Options': 'nosniff', 'X-Xss-Protection': '1; mode=block', 'Atl-Traceid': 'cad1834b226e432bb8d853c9053c048f', 'Strict-Transport-Security': 'max-age=63072000; preload', 'Report-To': '{"endpoints": [{"url": "https://dz8aopenkvv6s.cloudfront.net"}], "group": "endpoint-1", "include_subdomains": true, "max_age": 600}', 'Nel': '{"failure_fraction": 0.001, "include_subdomains": true, "max_age": 600, "report_to": "endpoint-1"}', 'X-Cache': 'Miss from cloudfront', 'Via': '1.1 3fff6e22f8d6795a61bfdca17d362ca4.cloudfront.net (CloudFront)', 'X-Amz-Cf-Pop': 'GRU50-C1', 'X-Amz-Cf-Id': 'QWiffys2T98FjZ7VTAPEyuV09Cbjvw422n4tMgp5QW1zU--KPQ2TNQ=='} 
 body={"_value":null}
 
 </msg>
<msg time="2024-04-09T15:20:11.273870" level="INFO">C:\Python312\Lib\site-packages\urllib3\connectionpool.py:1103: InsecureRequestWarning: Unverified HTTPS request is being made to host 'api.trello.com'. Adding certificate verification is strongly advised. See: https://urllib3.readthedocs.io/en/latest/advanced-usage.html#tls-warnings
  warnings.warn(</msg>
<arg>alias=trello</arg>
<arg>url=/1/boards/${board_id}?key=${KEY}&amp;token=${TOKEN}</arg>
<arg>expected_status=200</arg>
<doc>Sends a DELETE request on a previously created HTTP Session.</doc>
<status status="PASS" start="2024-04-09T15:20:09.867970" elapsed="1.408456"/>
</kw>
<status status="PASS" start="2024-04-09T15:20:09.839378" elapsed="1.437048"/>
</kw>
<status status="PASS" start="2024-04-09T15:20:08.519098" elapsed="2.759326"/>
</test>
<test id="s1-s1-s1-t4" name="Delete a board" line="49">
<kw name="Create a board" owner="test">
<kw name="Create Session" owner="RequestsLibrary">
<msg time="2024-04-09T15:20:11.284557" level="INFO">Creating Session using : alias=trello, url=https://api.trello.com, headers={},                     cookies={}, auth=None, timeout=None, proxies=None, verify=False,                     debug=0 </msg>
<arg>alias=trello</arg>
<arg>url=https://api.trello.com</arg>
<doc>Create Session: create a HTTP session to a server</doc>
<status status="PASS" start="2024-04-09T15:20:11.284424" elapsed="0.000133"/>
</kw>
<kw name="POST On Session" owner="RequestsLibrary">
<msg time="2024-04-09T15:20:12.326315" level="INFO">POST Request : url=https://api.trello.com/1/boards/?name=myBoard1&amp;key=053180673914aba1dfdd024bcbce9543&amp;token=ATTAaa5b2ab908052d99a92eaea20d83ae79e1e467e1608f051f6f71d27b4b25c956A13A6D5F 
 path_url=/1/boards/?name=myBoard1&amp;key=053180673914aba1dfdd024bcbce9543&amp;token=ATTAaa5b2ab908052d99a92eaea20d83ae79e1e467e1608f051f6f71d27b4b25c956A13A6D5F 
 headers={'User-Agent': 'python-requests/2.31.0', 'Accept-Encoding': 'gzip, deflate', 'Accept': '*/*', 'Connection': 'keep-alive', 'Content-Length': '0'} 
 body=None 
 </msg>
<msg time="2024-04-09T15:20:12.326315" level="INFO">POST Response : url=https://api.trello.com/1/boards/?name=myBoard1&amp;key=053180673914aba1dfdd024bcbce9543&amp;token=ATTAaa5b2ab908052d99a92eaea20d83ae79e1e467e1608f051f6f71d27b4b25c956A13A6D5F 
 status=200, reason=OK 
 headers={'Content-Type': 'application/json; charset=utf-8', 'Content-Length': '1571', 'Connection': 'keep-alive', 'Date': 'Tue, 09 Apr 2024 18:20:12 GMT', 'Referrer-Policy': 'strict-origin-when-cross-origin', 'X-Dns-Prefetch-Control': 'off', 'X-Download-Options': 'noopen', 'X-Frame-Options': 'DENY', 'X-Permitted-Cross-Domain-Policies': 'none', 'Surrogate-Control': 'no-store', 'Cache-Control': 'max-age=0, must-revalidate, no-cache, no-store', 'Expires': 'Thu, 01 Jan 1970 00:00:00', 'X-Trello-Version': '1.271036.0', 'X-Trello-Environment': 'Production', 'Access-Control-Allow-Origin': '*', 'Access-Control-Allow-Methods': 'GET, PUT, POST, DELETE', 'Access-Control-Allow-Headers': 'Authorization, Accept, Content-Type', 'Access-Control-Expose-Headers': 'x-rate-limit-api-key-interval-ms, x-rate-limit-api-key-max, x-rate-limit-api-key-remaining, x-rate-limit-api-token-interval-ms, x-rate-limit-api-token-max, x-rate-limit-api-token-remaining', 'X-Rate-Limit-Db-Query-Time-Interval-Ms': '600000', 'X-Rate-Limit-Db-Query-Time-Max': '7200000', 'X-Rate-Limit-Db-Query-Time-Remaining': '7199990', 'X-Rate-Limit-Api-Token-Interval-Ms': '10000', 'X-Rate-Limit-Api-Token-Max': '100', 'X-Rate-Limit-Api-Token-Remaining': '99', 'X-Rate-Limit-Api-Key-Interval-Ms': '10000', 'X-Rate-Limit-Api-Key-Max': '300', 'X-Rate-Limit-Api-Key-Remaining': '299', 'X-Rate-Limit-Member-Interval-Ms': '10000', 'X-Rate-Limit-Member-Max': '375', 'X-Rate-Limit-Member-Remaining': '374', 'X-Server-Time': '1712686812230', 'X-Trello-Api-Org-Selected': 'true', 'Server': 'AtlassianEdge', 'X-Content-Type-Options': 'nosniff', 'X-Xss-Protection': '1; mode=block', 'Atl-Traceid': '40e6c8ee44f24de3923a2df67b5573c8', 'Strict-Transport-Security': 'max-age=63072000; preload', 'Report-To': '{"endpoints": [{"url": "https://dz8aopenkvv6s.cloudfront.net"}], "group": "endpoint-1", "include_subdomains": true, "max_age": 600}', 'Nel': '{"failure_fraction": 0.001, "include_subdomains": true, "max_age": 600, "report_to": "endpoint-1"}', 'X-Cache': 'Miss from cloudfront', 'Via': '1.1 8f313251b8a1f09afb3b2ae5c4dfa91a.cloudfront.net (CloudFront)', 'X-Amz-Cf-Pop': 'GRU50-C1', 'X-Amz-Cf-Id': 'uuUb1v7VWCY08xkdDiA5c3TjladY_UwI1Ru1yunsVFCE9Wr9gVg37A=='} 
 body={"id":"661586dbbcc11039a417863a","name":"myBoard1","desc":"","descData":null,"closed":false,"idOrganization":"65e5819945d59a9761e108e0","idEnterprise":null,"pinned":false,"url":"https://trello.com/b/DSnG1UuN/myboard1","shortUrl":"https://trello.com/b/DSnG1UuN","prefs":{"permissionLevel":"private","hideVotes":false,"voting":"disabled","comments":"members","invitations":"members","selfJoin":true,"cardCovers":true,"cardCounts":false,"isTemplate":false,"cardAging":"regular","calendarFeedEnabled":false,"hiddenPluginBoardButtons":[],"switcherViews":[{"viewType":"Board","enabled":true},{"viewType":"Table","enabled":true},{"viewType":"Calendar","enabled":false},{"viewType":"Dashboard","enabled":false},{"viewType":"Timeline","enabled":false},{"viewType":"Map","enabled":false}],"background":"blue","backgroundColor":"#0079BF","backgroundImage":null,"backgroundTile":false,"backgroundBrightness":"dark","sharedSourceUrl":null,"backgroundImageScaled":null,"backgroundBottomColor":"#0079BF","backgroundTopColor":"#0079BF","canBePublic":true,"canBeEnterprise":true,"canBeOrg":true,"canBePrivate":true,"canInvite":true},"labelNames":{"green":"","yellow":"","orange":"","red":"","purple":"","blue":"","sky":"","lime":"","pink":"","black":"","green_dark":"","yellow_dark":"","orange_dark":"","red_dark":"","purple_dark":"","blue_dark":"","sky_dark":"","lime_dark":"","pink_dark":"","black_dark":"","green_light":"","yellow_light":"","orange_light":"","red_light":"","purple_light":"","blue_light":"","sky_light":"","lime_light":"","pink_light":"","black_light":""},"limits":{}} 
 </msg>
<msg time="2024-04-09T15:20:12.326315" level="INFO">C:\Python312\Lib\site-packages\urllib3\connectionpool.py:1103: InsecureRequestWarning: Unverified HTTPS request is being made to host 'api.trello.com'. Adding certificate verification is strongly advised. See: https://urllib3.readthedocs.io/en/latest/advanced-usage.html#tls-warnings
  warnings.warn(</msg>
<msg time="2024-04-09T15:20:12.326315" level="INFO">${responseCB} = &lt;Response [200]&gt;</msg>
<var>${responseCB}</var>
<arg>alias=trello</arg>
<arg>url=/1/boards/?name=myBoard1&amp;key=${KEY}&amp;token=${TOKEN}</arg>
<arg>expected_status=200</arg>
<doc>Sends a POST request on a previously created HTTP Session.</doc>
<status status="PASS" start="2024-04-09T15:20:11.284557" elapsed="1.041758"/>
</kw>
<kw name="Set Variable" owner="BuiltIn">
<msg time="2024-04-09T15:20:12.326315" level="INFO">${board_id} = 661586dbbcc11039a417863a</msg>
<var>${board_id}</var>
<arg>${responseCB.json()['id']}</arg>
<doc>Returns the given values which can then be assigned to a variables.</doc>
<status status="PASS" start="2024-04-09T15:20:12.326315" elapsed="0.000000"/>
</kw>
<kw name="Create File" owner="OperatingSystem">
<msg time="2024-04-09T15:20:12.336426" level="INFO" html="true">Created file '&lt;a href="file://C:\robot-trello_API\api\fixtures\testdata.json"&gt;C:\robot-trello_API\api\fixtures\testdata.json&lt;/a&gt;'.</msg>
<arg>api/fixtures/testdata.json</arg>
<arg>{"board_id":"${board_id}"}</arg>
<doc>Creates a file with the given content and encoding.</doc>
<status status="PASS" start="2024-04-09T15:20:12.326315" elapsed="0.010673"/>
</kw>
<status status="PASS" start="2024-04-09T15:20:11.283425" elapsed="1.053563"/>
</kw>
<kw name="Load Json From File" owner="JSONLibrary">
<msg time="2024-04-09T15:20:12.345367" level="INFO">${data} = {'board_id': '661586dbbcc11039a417863a'}</msg>
<var>${data}</var>
<arg>api/fixtures/testdata.json</arg>
<doc>Load JSON from file.</doc>
<status status="PASS" start="2024-04-09T15:20:12.339002" elapsed="0.006365"/>
</kw>
<kw name="Get Value From Json" owner="JSONLibrary">
<msg time="2024-04-09T15:20:12.370819" level="INFO">${board_id_ob} = ['661586dbbcc11039a417863a']</msg>
<var>${board_id_ob}</var>
<arg>${data}</arg>
<arg>$.board_id</arg>
<doc>Get Value From JSON using JSONPath</doc>
<status status="PASS" start="2024-04-09T15:20:12.345367" elapsed="0.025452"/>
</kw>
<kw name="Convert Json To String" owner="JSONLibrary">
<msg time="2024-04-09T15:20:12.373804" level="INFO">${board_id_str} = ["661586dbbcc11039a417863a"]</msg>
<var>${board_id_str}</var>
<arg>${board_id_ob}</arg>
<doc>Convert JSON object to string</doc>
<status status="PASS" start="2024-04-09T15:20:12.372780" elapsed="0.001024"/>
</kw>
<kw name="Remove String" owner="String">
<msg time="2024-04-09T15:20:12.375777" level="INFO">${board_id} = 661586dbbcc11039a417863a</msg>
<var>${board_id}</var>
<arg>${board_id_str}</arg>
<arg>[</arg>
<arg>]</arg>
<arg>'</arg>
<arg>"</arg>
<doc>Removes all ``removables`` from the given ``string``.</doc>
<status status="PASS" start="2024-04-09T15:20:12.374771" elapsed="0.001006"/>
</kw>
<kw name="DELETE On Session" owner="RequestsLibrary">
<msg time="2024-04-09T15:20:13.933175" level="INFO">DELETE Request : url=https://api.trello.com/1/boards/661586dbbcc11039a417863a?key=053180673914aba1dfdd024bcbce9543&amp;token=ATTAaa5b2ab908052d99a92eaea20d83ae79e1e467e1608f051f6f71d27b4b25c956A13A6D5F 
 path_url=/1/boards/661586dbbcc11039a417863a?key=053180673914aba1dfdd024bcbce9543&amp;token=ATTAaa5b2ab908052d99a92eaea20d83ae79e1e467e1608f051f6f71d27b4b25c956A13A6D5F 
 headers={'User-Agent': 'python-requests/2.31.0', 'Accept-Encoding': 'gzip, deflate', 'Accept': '*/*', 'Connection': 'keep-alive', 'Content-Length': '0'} 
 body=None 
 </msg>
<msg time="2024-04-09T15:20:13.933175" level="INFO">DELETE Response : url=https://api.trello.com/1/boards/661586dbbcc11039a417863a?key=053180673914aba1dfdd024bcbce9543&amp;token=ATTAaa5b2ab908052d99a92eaea20d83ae79e1e467e1608f051f6f71d27b4b25c956A13A6D5F 
 status=200, reason=OK 
 headers={'Content-Type': 'application/json; charset=utf-8', 'Content-Length': '16', 'Connection': 'keep-alive', 'Date': 'Tue, 09 Apr 2024 18:20:13 GMT', 'Referrer-Policy': 'strict-origin-when-cross-origin', 'X-Dns-Prefetch-Control': 'off', 'X-Download-Options': 'noopen', 'X-Frame-Options': 'DENY', 'X-Permitted-Cross-Domain-Policies': 'none', 'Surrogate-Control': 'no-store', 'Cache-Control': 'max-age=0, must-revalidate, no-cache, no-store', 'Expires': 'Thu, 01 Jan 1970 00:00:00', 'X-Trello-Version': '1.271036.0', 'X-Trello-Environment': 'Production', 'Access-Control-Allow-Origin': '*', 'Access-Control-Allow-Methods': 'GET, PUT, POST, DELETE', 'Access-Control-Allow-Headers': 'Authorization, Accept, Content-Type', 'Access-Control-Expose-Headers': 'x-rate-limit-api-key-interval-ms, x-rate-limit-api-key-max, x-rate-limit-api-key-remaining, x-rate-limit-api-token-interval-ms, x-rate-limit-api-token-max, x-rate-limit-api-token-remaining', 'X-Rate-Limit-Api-Token-Interval-Ms': '10000', 'X-Rate-Limit-Api-Token-Max': '100', 'X-Rate-Limit-Api-Token-Remaining': '98', 'X-Rate-Limit-Db-Query-Time-Interval-Ms': '600000', 'X-Rate-Limit-Db-Query-Time-Max': '7200000', 'X-Rate-Limit-Db-Query-Time-Remaining': '7199990', 'X-Rate-Limit-Api-Key-Interval-Ms': '10000', 'X-Rate-Limit-Api-Key-Max': '300', 'X-Rate-Limit-Api-Key-Remaining': '298', 'X-Rate-Limit-Member-Interval-Ms': '10000', 'X-Rate-Limit-Member-Max': '375', 'X-Rate-Limit-Member-Remaining': '373', 'X-Server-Time': '1712686813862', 'Server': 'AtlassianEdge', 'X-Content-Type-Options': 'nosniff', 'X-Xss-Protection': '1; mode=block', 'Atl-Traceid': 'd298d2880c5b499388c459be6587bae5', 'Strict-Transport-Security': 'max-age=63072000; preload', 'Report-To': '{"endpoints": [{"url": "https://dz8aopenkvv6s.cloudfront.net"}], "group": "endpoint-1", "include_subdomains": true, "max_age": 600}', 'Nel': '{"failure_fraction": 0.001, "include_subdomains": true, "max_age": 600, "report_to": "endpoint-1"}', 'X-Cache': 'Miss from cloudfront', 'Via': '1.1 8f313251b8a1f09afb3b2ae5c4dfa91a.cloudfront.net (CloudFront)', 'X-Amz-Cf-Pop': 'GRU50-C1', 'X-Amz-Cf-Id': 'wjD_B-MP8vPCt-EeYIH2nYTve7BbgZDmde-paKyrT6z9bIpL6UVRZA=='} 
 body={"_value":null}
 
 </msg>
<msg time="2024-04-09T15:20:13.933175" level="INFO">C:\Python312\Lib\site-packages\urllib3\connectionpool.py:1103: InsecureRequestWarning: Unverified HTTPS request is being made to host 'api.trello.com'. Adding certificate verification is strongly advised. See: https://urllib3.readthedocs.io/en/latest/advanced-usage.html#tls-warnings
  warnings.warn(</msg>
<arg>alias=trello</arg>
<arg>url=/1/boards/${board_id}?key=${KEY}&amp;token=${TOKEN}</arg>
<arg>expected_status=200</arg>
<doc>Sends a DELETE request on a previously created HTTP Session.</doc>
<status status="PASS" start="2024-04-09T15:20:12.376770" elapsed="1.571902"/>
</kw>
<status status="PASS" start="2024-04-09T15:20:11.281437" elapsed="2.672107"/>
</test>
<status status="PASS" start="2024-04-09T15:20:03.248183" elapsed="10.709375"/>
</suite>
<suite id="s1-s1-s2" name="Cards" source="c:\robot-trello_API\api\tests\cards.robot">
<test id="s1-s1-s2-t1" name="Create a card" line="15">
<kw name="Create board and list" owner="test" type="SETUP">
<kw name="Create a board" owner="test">
<kw name="Create Session" owner="RequestsLibrary">
<msg time="2024-04-09T15:20:13.975376" level="INFO">Creating Session using : alias=trello, url=https://api.trello.com, headers={},                     cookies={}, auth=None, timeout=None, proxies=None, verify=False,                     debug=0 </msg>
<arg>alias=trello</arg>
<arg>url=https://api.trello.com</arg>
<doc>Create Session: create a HTTP session to a server</doc>
<status status="PASS" start="2024-04-09T15:20:13.975376" elapsed="0.000000"/>
</kw>
<kw name="POST On Session" owner="RequestsLibrary">
<msg time="2024-04-09T15:20:14.574232" level="INFO">POST Request : url=https://api.trello.com/1/boards/?name=myBoard1&amp;key=053180673914aba1dfdd024bcbce9543&amp;token=ATTAaa5b2ab908052d99a92eaea20d83ae79e1e467e1608f051f6f71d27b4b25c956A13A6D5F 
 path_url=/1/boards/?name=myBoard1&amp;key=053180673914aba1dfdd024bcbce9543&amp;token=ATTAaa5b2ab908052d99a92eaea20d83ae79e1e467e1608f051f6f71d27b4b25c956A13A6D5F 
 headers={'User-Agent': 'python-requests/2.31.0', 'Accept-Encoding': 'gzip, deflate', 'Accept': '*/*', 'Connection': 'keep-alive', 'Content-Length': '0'} 
 body=None 
 </msg>
<msg time="2024-04-09T15:20:14.574232" level="INFO">POST Response : url=https://api.trello.com/1/boards/?name=myBoard1&amp;key=053180673914aba1dfdd024bcbce9543&amp;token=ATTAaa5b2ab908052d99a92eaea20d83ae79e1e467e1608f051f6f71d27b4b25c956A13A6D5F 
 status=200, reason=OK 
 headers={'Content-Type': 'application/json; charset=utf-8', 'Content-Length': '1571', 'Connection': 'keep-alive', 'Date': 'Tue, 09 Apr 2024 18:20:14 GMT', 'Referrer-Policy': 'strict-origin-when-cross-origin', 'X-Dns-Prefetch-Control': 'off', 'X-Download-Options': 'noopen', 'X-Frame-Options': 'DENY', 'X-Permitted-Cross-Domain-Policies': 'none', 'Surrogate-Control': 'no-store', 'Cache-Control': 'max-age=0, must-revalidate, no-cache, no-store', 'Expires': 'Thu, 01 Jan 1970 00:00:00', 'X-Trello-Version': '1.271036.0', 'X-Trello-Environment': 'Production', 'Access-Control-Allow-Origin': '*', 'Access-Control-Allow-Methods': 'GET, PUT, POST, DELETE', 'Access-Control-Allow-Headers': 'Authorization, Accept, Content-Type', 'Access-Control-Expose-Headers': 'x-rate-limit-api-key-interval-ms, x-rate-limit-api-key-max, x-rate-limit-api-key-remaining, x-rate-limit-api-token-interval-ms, x-rate-limit-api-token-max, x-rate-limit-api-token-remaining', 'X-Rate-Limit-Api-Token-Interval-Ms': '10000', 'X-Rate-Limit-Api-Token-Max': '100', 'X-Rate-Limit-Api-Token-Remaining': '97', 'X-Rate-Limit-Db-Query-Time-Interval-Ms': '600000', 'X-Rate-Limit-Db-Query-Time-Max': '7200000', 'X-Rate-Limit-Db-Query-Time-Remaining': '7199990', 'X-Rate-Limit-Api-Key-Interval-Ms': '10000', 'X-Rate-Limit-Api-Key-Max': '300', 'X-Rate-Limit-Api-Key-Remaining': '297', 'X-Rate-Limit-Member-Interval-Ms': '10000', 'X-Rate-Limit-Member-Max': '375', 'X-Rate-Limit-Member-Remaining': '372', 'X-Server-Time': '1712686814487', 'X-Trello-Api-Org-Selected': 'true', 'Server': 'AtlassianEdge', 'X-Content-Type-Options': 'nosniff', 'X-Xss-Protection': '1; mode=block', 'Atl-Traceid': 'b9a4ab869a76400bac2ab944430b37c7', 'Strict-Transport-Security': 'max-age=63072000; preload', 'Report-To': '{"endpoints": [{"url": "https://dz8aopenkvv6s.cloudfront.net"}], "group": "endpoint-1", "include_subdomains": true, "max_age": 600}', 'Nel': '{"failure_fraction": 0.001, "include_subdomains": true, "max_age": 600, "report_to": "endpoint-1"}', 'X-Cache': 'Miss from cloudfront', 'Via': '1.1 7a2edf6b757fe24fdeb3895a223d8d8a.cloudfront.net (CloudFront)', 'X-Amz-Cf-Pop': 'GRU50-C1', 'X-Amz-Cf-Id': '6pTUCG-k1uCPk_4GwFMJNyrnqXgwk_yeaRVbzepgTLvsxofmIygSnA=='} 
 body={"id":"661586deb95fd5b934bc58bd","name":"myBoard1","desc":"","descData":null,"closed":false,"idOrganization":"65e5819945d59a9761e108e0","idEnterprise":null,"pinned":false,"url":"https://trello.com/b/rEyktsuE/myboard1","shortUrl":"https://trello.com/b/rEyktsuE","prefs":{"permissionLevel":"private","hideVotes":false,"voting":"disabled","comments":"members","invitations":"members","selfJoin":true,"cardCovers":true,"cardCounts":false,"isTemplate":false,"cardAging":"regular","calendarFeedEnabled":false,"hiddenPluginBoardButtons":[],"switcherViews":[{"viewType":"Board","enabled":true},{"viewType":"Table","enabled":true},{"viewType":"Calendar","enabled":false},{"viewType":"Dashboard","enabled":false},{"viewType":"Timeline","enabled":false},{"viewType":"Map","enabled":false}],"background":"blue","backgroundColor":"#0079BF","backgroundImage":null,"backgroundTile":false,"backgroundBrightness":"dark","sharedSourceUrl":null,"backgroundImageScaled":null,"backgroundBottomColor":"#0079BF","backgroundTopColor":"#0079BF","canBePublic":true,"canBeEnterprise":true,"canBeOrg":true,"canBePrivate":true,"canInvite":true},"labelNames":{"green":"","yellow":"","orange":"","red":"","purple":"","blue":"","sky":"","lime":"","pink":"","black":"","green_dark":"","yellow_dark":"","orange_dark":"","red_dark":"","purple_dark":"","blue_dark":"","sky_dark":"","lime_dark":"","pink_dark":"","black_dark":"","green_light":"","yellow_light":"","orange_light":"","red_light":"","purple_light":"","blue_light":"","sky_light":"","lime_light":"","pink_light":"","black_light":""},"limits":{}} 
 </msg>
<msg time="2024-04-09T15:20:14.574232" level="INFO">C:\Python312\Lib\site-packages\urllib3\connectionpool.py:1103: InsecureRequestWarning: Unverified HTTPS request is being made to host 'api.trello.com'. Adding certificate verification is strongly advised. See: https://urllib3.readthedocs.io/en/latest/advanced-usage.html#tls-warnings
  warnings.warn(</msg>
<msg time="2024-04-09T15:20:14.574232" level="INFO">${responseCB} = &lt;Response [200]&gt;</msg>
<var>${responseCB}</var>
<arg>alias=trello</arg>
<arg>url=/1/boards/?name=myBoard1&amp;key=${KEY}&amp;token=${TOKEN}</arg>
<arg>expected_status=200</arg>
<doc>Sends a POST request on a previously created HTTP Session.</doc>
<status status="PASS" start="2024-04-09T15:20:13.976387" elapsed="0.597845"/>
</kw>
<kw name="Set Variable" owner="BuiltIn">
<msg time="2024-04-09T15:20:14.574232" level="INFO">${board_id} = 661586deb95fd5b934bc58bd</msg>
<var>${board_id}</var>
<arg>${responseCB.json()['id']}</arg>
<doc>Returns the given values which can then be assigned to a variables.</doc>
<status status="PASS" start="2024-04-09T15:20:14.574232" elapsed="0.000000"/>
</kw>
<kw name="Create File" owner="OperatingSystem">
<msg time="2024-04-09T15:20:14.574232" level="INFO" html="true">Created file '&lt;a href="file://C:\robot-trello_API\api\fixtures\testdata.json"&gt;C:\robot-trello_API\api\fixtures\testdata.json&lt;/a&gt;'.</msg>
<arg>api/fixtures/testdata.json</arg>
<arg>{"board_id":"${board_id}"}</arg>
<doc>Creates a file with the given content and encoding.</doc>
<status status="PASS" start="2024-04-09T15:20:14.574232" elapsed="0.000000"/>
</kw>
<status status="PASS" start="2024-04-09T15:20:13.974375" elapsed="0.599857"/>
</kw>
<kw name="Create a list" owner="test">
<kw name="Load Json From File" owner="JSONLibrary">
<msg time="2024-04-09T15:20:14.589859" level="INFO">${data} = {'board_id': '661586deb95fd5b934bc58bd'}</msg>
<var>${data}</var>
<arg>api/fixtures/testdata.json</arg>
<doc>Load JSON from file.</doc>
<status status="PASS" start="2024-04-09T15:20:14.574232" elapsed="0.015627"/>
</kw>
<kw name="Get Value From Json" owner="JSONLibrary">
<msg time="2024-04-09T15:20:14.615669" level="INFO">${board_id_ob} = ['661586deb95fd5b934bc58bd']</msg>
<var>${board_id_ob}</var>
<arg>${data}</arg>
<arg>$.board_id</arg>
<doc>Get Value From JSON using JSONPath</doc>
<status status="PASS" start="2024-04-09T15:20:14.589859" elapsed="0.025810"/>
</kw>
<kw name="Convert Json To String" owner="JSONLibrary">
<msg time="2024-04-09T15:20:14.616532" level="INFO">${board_id_str} = ["661586deb95fd5b934bc58bd"]</msg>
<var>${board_id_str}</var>
<arg>${board_id_ob}</arg>
<doc>Convert JSON object to string</doc>
<status status="PASS" start="2024-04-09T15:20:14.616532" elapsed="0.000000"/>
</kw>
<kw name="Remove String" owner="String">
<msg time="2024-04-09T15:20:14.618241" level="INFO">${board_id} = 661586deb95fd5b934bc58bd</msg>
<var>${board_id}</var>
<arg>${board_id_str}</arg>
<arg>[</arg>
<arg>]</arg>
<arg>'</arg>
<arg>"</arg>
<doc>Removes all ``removables`` from the given ``string``.</doc>
<status status="PASS" start="2024-04-09T15:20:14.616532" elapsed="0.001709"/>
</kw>
<kw name="Create Session" owner="RequestsLibrary">
<msg time="2024-04-09T15:20:14.618241" level="INFO">Creating Session using : alias=trello, url=https://api.trello.com, headers={},                     cookies={}, auth=None, timeout=None, proxies=None, verify=False,                     debug=0 </msg>
<arg>alias=trello</arg>
<arg>url=https://api.trello.com</arg>
<doc>Create Session: create a HTTP session to a server</doc>
<status status="PASS" start="2024-04-09T15:20:14.618241" elapsed="0.000000"/>
</kw>
<kw name="POST On Session" owner="RequestsLibrary">
<msg time="2024-04-09T15:20:15.036486" level="INFO">POST Request : url=https://api.trello.com/1/boards/661586deb95fd5b934bc58bd/lists?name=myList123&amp;key=053180673914aba1dfdd024bcbce9543&amp;token=ATTAaa5b2ab908052d99a92eaea20d83ae79e1e467e1608f051f6f71d27b4b25c956A13A6D5F 
 path_url=/1/boards/661586deb95fd5b934bc58bd/lists?name=myList123&amp;key=053180673914aba1dfdd024bcbce9543&amp;token=ATTAaa5b2ab908052d99a92eaea20d83ae79e1e467e1608f051f6f71d27b4b25c956A13A6D5F 
 headers={'User-Agent': 'python-requests/2.31.0', 'Accept-Encoding': 'gzip, deflate', 'Accept': '*/*', 'Connection': 'keep-alive', 'Content-Length': '0'} 
 body=None 
 </msg>
<msg time="2024-04-09T15:20:15.036486" level="INFO">POST Response : url=https://api.trello.com/1/boards/661586deb95fd5b934bc58bd/lists?name=myList123&amp;key=053180673914aba1dfdd024bcbce9543&amp;token=ATTAaa5b2ab908052d99a92eaea20d83ae79e1e467e1608f051f6f71d27b4b25c956A13A6D5F 
 status=200, reason=OK 
 headers={'Content-Type': 'application/json; charset=utf-8', 'Content-Length': '140', 'Connection': 'keep-alive', 'Date': 'Tue, 09 Apr 2024 18:20:14 GMT', 'Referrer-Policy': 'strict-origin-when-cross-origin', 'X-Dns-Prefetch-Control': 'off', 'X-Download-Options': 'noopen', 'X-Frame-Options': 'DENY', 'X-Permitted-Cross-Domain-Policies': 'none', 'Surrogate-Control': 'no-store', 'Cache-Control': 'max-age=0, must-revalidate, no-cache, no-store', 'Expires': 'Thu, 01 Jan 1970 00:00:00', 'X-Trello-Version': '1.271036.0', 'X-Trello-Environment': 'Production', 'Access-Control-Allow-Origin': '*', 'Access-Control-Allow-Methods': 'GET, PUT, POST, DELETE', 'Access-Control-Allow-Headers': 'Authorization, Accept, Content-Type', 'Access-Control-Expose-Headers': 'x-rate-limit-api-key-interval-ms, x-rate-limit-api-key-max, x-rate-limit-api-key-remaining, x-rate-limit-api-token-interval-ms, x-rate-limit-api-token-max, x-rate-limit-api-token-remaining', 'X-Rate-Limit-Api-Token-Interval-Ms': '10000', 'X-Rate-Limit-Api-Token-Max': '100', 'X-Rate-Limit-Api-Token-Remaining': '96', 'X-Rate-Limit-Db-Query-Time-Interval-Ms': '600000', 'X-Rate-Limit-Db-Query-Time-Max': '7200000', 'X-Rate-Limit-Db-Query-Time-Remaining': '7199990', 'X-Rate-Limit-Api-Key-Interval-Ms': '10000', 'X-Rate-Limit-Api-Key-Max': '300', 'X-Rate-Limit-Api-Key-Remaining': '296', 'X-Rate-Limit-Member-Interval-Ms': '10000', 'X-Rate-Limit-Member-Max': '375', 'X-Rate-Limit-Member-Remaining': '371', 'X-Server-Time': '1712686814954', 'Server': 'AtlassianEdge', 'X-Content-Type-Options': 'nosniff', 'X-Xss-Protection': '1; mode=block', 'Atl-Traceid': '36a007367d1e4969812aeca6335f946c', 'Strict-Transport-Security': 'max-age=63072000; preload', 'Report-To': '{"endpoints": [{"url": "https://dz8aopenkvv6s.cloudfront.net"}], "group": "endpoint-1", "include_subdomains": true, "max_age": 600}', 'Nel': '{"failure_fraction": 0.001, "include_subdomains": true, "max_age": 600, "report_to": "endpoint-1"}', 'X-Cache': 'Miss from cloudfront', 'Via': '1.1 4f92a3eafc119ef8495c3d89d926f352.cloudfront.net (CloudFront)', 'X-Amz-Cf-Pop': 'GRU50-C1', 'X-Amz-Cf-Id': 'UxKoUx98xk7pM2q1K7QpBq8XX86SG5iu1LsymEOuVKYTP-QagV5VQA=='} 
 body={"id":"661586de133f3492e0ae11e3","name":"myList123","closed":false,"color":null,"idBoard":"661586deb95fd5b934bc58bd","pos":8192,"limits":{}} 
 </msg>
<msg time="2024-04-09T15:20:15.036486" level="INFO">C:\Python312\Lib\site-packages\urllib3\connectionpool.py:1103: InsecureRequestWarning: Unverified HTTPS request is being made to host 'api.trello.com'. Adding certificate verification is strongly advised. See: https://urllib3.readthedocs.io/en/latest/advanced-usage.html#tls-warnings
  warnings.warn(</msg>
<msg time="2024-04-09T15:20:15.036486" level="INFO">${responseCL} = &lt;Response [200]&gt;</msg>
<var>${responseCL}</var>
<arg>alias=trello</arg>
<arg>url=/1/boards/${board_id}/lists?name=myList123&amp;key=${KEY}&amp;token=${TOKEN}</arg>
<arg>expected_status=200</arg>
<doc>Sends a POST request on a previously created HTTP Session.</doc>
<status status="PASS" start="2024-04-09T15:20:14.618241" elapsed="0.418245"/>
</kw>
<kw name="Set Variable" owner="BuiltIn">
<msg time="2024-04-09T15:20:15.036486" level="INFO">${list_id} = 661586de133f3492e0ae11e3</msg>
<var>${list_id}</var>
<arg>${responseCL.json()['id']}</arg>
<doc>Returns the given values which can then be assigned to a variables.</doc>
<status status="PASS" start="2024-04-09T15:20:15.036486" elapsed="0.000000"/>
</kw>
<kw name="Log To Console" owner="BuiltIn">
<arg>${list_id}</arg>
<doc>Logs the given message to the console.</doc>
<status status="PASS" start="2024-04-09T15:20:15.036486" elapsed="0.015593"/>
</kw>
[...]
<var>${data}</var>
<arg>api/fixtures/testdata.json</arg>
<doc>Load JSON from file.</doc>
<status status="PASS" start="2024-04-09T15:21:07.339076" elapsed="0.016453"/>
</kw>
<kw name="Get Value From Json" owner="JSONLibrary">
<msg time="2024-04-09T15:21:07.395394" level="INFO">${board_id_ob} = ['6615871311b075b9aeb62cf2']</msg>
<var>${board_id_ob}</var>
<arg>${data}</arg>
<arg>$.board_id</arg>
<doc>Get Value From JSON using JSONPath</doc>
<status status="PASS" start="2024-04-09T15:21:07.355529" elapsed="0.039865"/>
</kw>
<kw name="Convert Json To String" owner="JSONLibrary">
<msg time="2024-04-09T15:21:07.397253" level="INFO">${board_id_str} = ["6615871311b075b9aeb62cf2"]</msg>
<var>${board_id_str}</var>
<arg>${board_id_ob}</arg>
<doc>Convert JSON object to string</doc>
<status status="PASS" start="2024-04-09T15:21:07.396393" elapsed="0.000860"/>
</kw>
<kw name="Remove String" owner="String">
<msg time="2024-04-09T15:21:07.397253" level="INFO">${board_id} = 6615871311b075b9aeb62cf2</msg>
<var>${board_id}</var>
<arg>${board_id_str}</arg>
<arg>[</arg>
<arg>]</arg>
<arg>'</arg>
<arg>"</arg>
<doc>Removes all ``removables`` from the given ``string``.</doc>
<status status="PASS" start="2024-04-09T15:21:07.397253" elapsed="0.000000"/>
</kw>
<kw name="Create Session" owner="RequestsLibrary">
<msg time="2024-04-09T15:21:07.397253" level="INFO">Creating Session using : alias=trello, url=https://api.trello.com, headers={},                     cookies={}, auth=None, timeout=None, proxies=None, verify=False,                     debug=0 </msg>
<arg>alias=trello</arg>
<arg>url=https://api.trello.com</arg>
<doc>Create Session: create a HTTP session to a server</doc>
<status status="PASS" start="2024-04-09T15:21:07.397253" elapsed="0.000000"/>
</kw>
<kw name="POST On Session" owner="RequestsLibrary">
<msg time="2024-04-09T15:21:07.807855" level="INFO">POST Request : url=https://api.trello.com/1/boards/6615871311b075b9aeb62cf2/lists?name=myList123&amp;key=053180673914aba1dfdd024bcbce9543&amp;token=ATTAaa5b2ab908052d99a92eaea20d83ae79e1e467e1608f051f6f71d27b4b25c956A13A6D5F 
 path_url=/1/boards/6615871311b075b9aeb62cf2/lists?name=myList123&amp;key=053180673914aba1dfdd024bcbce9543&amp;token=ATTAaa5b2ab908052d99a92eaea20d83ae79e1e467e1608f051f6f71d27b4b25c956A13A6D5F 
 headers={'User-Agent': 'python-requests/2.31.0', 'Accept-Encoding': 'gzip, deflate', 'Accept': '*/*', 'Connection': 'keep-alive', 'Content-Length': '0'} 
 body=None 
 </msg>
<msg time="2024-04-09T15:21:07.808902" level="INFO">POST Response : url=https://api.trello.com/1/boards/6615871311b075b9aeb62cf2/lists?name=myList123&amp;key=053180673914aba1dfdd024bcbce9543&amp;token=ATTAaa5b2ab908052d99a92eaea20d83ae79e1e467e1608f051f6f71d27b4b25c956A13A6D5F 
 status=200, reason=OK 
 headers={'Content-Type': 'application/json; charset=utf-8', 'Content-Length': '140', 'Connection': 'keep-alive', 'Date': 'Tue, 09 Apr 2024 18:21:07 GMT', 'Referrer-Policy': 'strict-origin-when-cross-origin', 'X-Dns-Prefetch-Control': 'off', 'X-Download-Options': 'noopen', 'X-Frame-Options': 'DENY', 'X-Permitted-Cross-Domain-Policies': 'none', 'Surrogate-Control': 'no-store', 'Cache-Control': 'max-age=0, must-revalidate, no-cache, no-store', 'Expires': 'Thu, 01 Jan 1970 00:00:00', 'X-Trello-Version': '1.271036.0', 'X-Trello-Environment': 'Production', 'Access-Control-Allow-Origin': '*', 'Access-Control-Allow-Methods': 'GET, PUT, POST, DELETE', 'Access-Control-Allow-Headers': 'Authorization, Accept, Content-Type', 'Access-Control-Expose-Headers': 'x-rate-limit-api-key-interval-ms, x-rate-limit-api-key-max, x-rate-limit-api-key-remaining, x-rate-limit-api-token-interval-ms, x-rate-limit-api-token-max, x-rate-limit-api-token-remaining', 'X-Rate-Limit-Api-Token-Interval-Ms': '10000', 'X-Rate-Limit-Api-Token-Max': '100', 'X-Rate-Limit-Api-Token-Remaining': '91', 'X-Rate-Limit-Db-Query-Time-Interval-Ms': '600000', 'X-Rate-Limit-Db-Query-Time-Max': '7200000', 'X-Rate-Limit-Db-Query-Time-Remaining': '7199990', 'X-Rate-Limit-Api-Key-Interval-Ms': '10000', 'X-Rate-Limit-Api-Key-Max': '300', 'X-Rate-Limit-Api-Key-Remaining': '291', 'X-Rate-Limit-Member-Interval-Ms': '10000', 'X-Rate-Limit-Member-Max': '375', 'X-Rate-Limit-Member-Remaining': '366', 'X-Server-Time': '1712686867724', 'Server': 'AtlassianEdge', 'X-Content-Type-Options': 'nosniff', 'X-Xss-Protection': '1; mode=block', 'Atl-Traceid': 'd1135f60628d45f6a8989aee2e29d874', 'Strict-Transport-Security': 'max-age=63072000; preload', 'Report-To': '{"endpoints": [{"url": "https://dz8aopenkvv6s.cloudfront.net"}], "group": "endpoint-1", "include_subdomains": true, "max_age": 600}', 'Nel': '{"failure_fraction": 0.001, "include_subdomains": true, "max_age": 600, "report_to": "endpoint-1"}', 'X-Cache': 'Miss from cloudfront', 'Via': '1.1 f32d2bdd5c2020bad0a252a6b7deb9b2.cloudfront.net (CloudFront)', 'X-Amz-Cf-Pop': 'GRU50-C1', 'X-Amz-Cf-Id': 'M4EuaN7x_Mh4W04ir0_XsnAnIcewra7xJH8cugettzajywdIkJGPag=='} 
 body={"id":"661587132b18d38215629dd0","name":"myList123","closed":false,"color":null,"idBoard":"6615871311b075b9aeb62cf2","pos":8192,"limits":{}} 
 </msg>
<msg time="2024-04-09T15:21:07.809680" level="INFO">C:\Python312\Lib\site-packages\urllib3\connectionpool.py:1103: InsecureRequestWarning: Unverified HTTPS request is being made to host 'api.trello.com'. Adding certificate verification is strongly advised. See: https://urllib3.readthedocs.io/en/latest/advanced-usage.html#tls-warnings
  warnings.warn(</msg>
<msg time="2024-04-09T15:21:07.811137" level="INFO">${responseCL} = &lt;Response [200]&gt;</msg>
<var>${responseCL}</var>
<arg>alias=trello</arg>
<arg>url=/1/boards/${board_id}/lists?name=myList123&amp;key=${KEY}&amp;token=${TOKEN}</arg>
<arg>expected_status=200</arg>
<doc>Sends a POST request on a previously created HTTP Session.</doc>
<status status="PASS" start="2024-04-09T15:21:07.397253" elapsed="0.414665"/>
</kw>
<kw name="Set Variable" owner="BuiltIn">
<msg time="2024-04-09T15:21:07.811918" level="INFO">${list_id} = 661587132b18d38215629dd0</msg>
<var>${list_id}</var>
<arg>${responseCL.json()['id']}</arg>
<doc>Returns the given values which can then be assigned to a variables.</doc>
<status status="PASS" start="2024-04-09T15:21:07.811918" elapsed="0.000000"/>
</kw>
<kw name="Log To Console" owner="BuiltIn">
<arg>${list_id}</arg>
<doc>Logs the given message to the console.</doc>
<status status="PASS" start="2024-04-09T15:21:07.811918" elapsed="0.000000"/>
</kw>
<kw name="Create File" owner="OperatingSystem">
<msg time="2024-04-09T15:21:07.811918" level="INFO" html="true">Created file '&lt;a href="file://C:\robot-trello_API\api\fixtures\testdata.json"&gt;C:\robot-trello_API\api\fixtures\testdata.json&lt;/a&gt;'.</msg>
<arg>api/fixtures/testdata.json</arg>
<arg>{"board_id":"${board_id}","list_id":"${list_id}"}</arg>
<doc>Creates a file with the given content and encoding.</doc>
<status status="PASS" start="2024-04-09T15:21:07.811918" elapsed="0.000000"/>
</kw>
<status status="PASS" start="2024-04-09T15:21:07.339076" elapsed="0.472842"/>
</kw>
<kw name="Load Json From File" owner="JSONLibrary">
<msg time="2024-04-09T15:21:07.836308" level="INFO">${data} = {'board_id': '6615871311b075b9aeb62cf2', 'list_id': '661587132b18d38215629dd0'}</msg>
<var>${data}</var>
<arg>api/fixtures/testdata.json</arg>
<doc>Load JSON from file.</doc>
<status status="PASS" start="2024-04-09T15:21:07.811918" elapsed="0.024390"/>
</kw>
<kw name="Get Value From Json" owner="JSONLibrary">
<msg time="2024-04-09T15:21:07.851327" level="INFO">${list_id_ob} = ['661587132b18d38215629dd0']</msg>
<var>${list_id_ob}</var>
<arg>${data}</arg>
<arg>$.list_id</arg>
<doc>Get Value From JSON using JSONPath</doc>
<status status="PASS" start="2024-04-09T15:21:07.836308" elapsed="0.015019"/>
</kw>
<kw name="Convert Json To String" owner="JSONLibrary">
<msg time="2024-04-09T15:21:07.851327" level="INFO">${list_id_str} = ["661587132b18d38215629dd0"]</msg>
<var>${list_id_str}</var>
<arg>${list_id_ob}</arg>
<doc>Convert JSON object to string</doc>
<status status="PASS" start="2024-04-09T15:21:07.851327" elapsed="0.000000"/>
</kw>
<kw name="Remove String" owner="String">
<msg time="2024-04-09T15:21:07.851327" level="INFO">${list_id} = 661587132b18d38215629dd0</msg>
<var>${list_id}</var>
<arg>${list_id_str}</arg>
<arg>[</arg>
<arg>]</arg>
<arg>'</arg>
<arg>"</arg>
<doc>Removes all ``removables`` from the given ``string``.</doc>
<status status="PASS" start="2024-04-09T15:21:07.851327" elapsed="0.000000"/>
</kw>
<kw name="Create Session" owner="RequestsLibrary">
<msg time="2024-04-09T15:21:07.851327" level="INFO">Creating Session using : alias=trello, url=https://api.trello.com, headers={},                     cookies={}, auth=None, timeout=None, proxies=None, verify=False,                     debug=0 </msg>
<arg>alias=trello</arg>
<arg>url=https://api.trello.com</arg>
<doc>Create Session: create a HTTP session to a server</doc>
<status status="PASS" start="2024-04-09T15:21:07.851327" elapsed="0.000000"/>
</kw>
<kw name="PUT On Session" owner="RequestsLibrary">
<msg time="2024-04-09T15:21:08.228884" level="INFO">PUT Request : url=https://api.trello.com/1/lists/661587132b18d38215629dd0?key=053180673914aba1dfdd024bcbce9543&amp;token=ATTAaa5b2ab908052d99a92eaea20d83ae79e1e467e1608f051f6f71d27b4b25c956A13A6D5F 
 path_url=/1/lists/661587132b18d38215629dd0?key=053180673914aba1dfdd024bcbce9543&amp;token=ATTAaa5b2ab908052d99a92eaea20d83ae79e1e467e1608f051f6f71d27b4b25c956A13A6D5F 
 headers={'User-Agent': 'python-requests/2.31.0', 'Accept-Encoding': 'gzip, deflate', 'Accept': '*/*', 'Connection': 'keep-alive', 'Content-Length': '17'} 
 body={name: "myList2"} 
 </msg>
<msg time="2024-04-09T15:21:08.230225" level="INFO">PUT Response : url=https://api.trello.com/1/lists/661587132b18d38215629dd0?key=053180673914aba1dfdd024bcbce9543&amp;token=ATTAaa5b2ab908052d99a92eaea20d83ae79e1e467e1608f051f6f71d27b4b25c956A13A6D5F 
 status=200, reason=OK 
 headers={'Content-Type': 'application/json; charset=utf-8', 'Content-Length': '128', 'Connection': 'keep-alive', 'Date': 'Tue, 09 Apr 2024 18:21:08 GMT', 'Referrer-Policy': 'strict-origin-when-cross-origin', 'X-Dns-Prefetch-Control': 'off', 'X-Download-Options': 'noopen', 'X-Frame-Options': 'DENY', 'X-Permitted-Cross-Domain-Policies': 'none', 'Surrogate-Control': 'no-store', 'Cache-Control': 'max-age=0, must-revalidate, no-cache, no-store', 'Expires': 'Thu, 01 Jan 1970 00:00:00', 'X-Trello-Version': '1.271036.0', 'X-Trello-Environment': 'Production', 'Access-Control-Allow-Origin': '*', 'Access-Control-Allow-Methods': 'GET, PUT, POST, DELETE', 'Access-Control-Allow-Headers': 'Authorization, Accept, Content-Type', 'Access-Control-Expose-Headers': 'x-rate-limit-api-key-interval-ms, x-rate-limit-api-key-max, x-rate-limit-api-key-remaining, x-rate-limit-api-token-interval-ms, x-rate-limit-api-token-max, x-rate-limit-api-token-remaining', 'X-Rate-Limit-Db-Query-Time-Interval-Ms': '600000', 'X-Rate-Limit-Db-Query-Time-Max': '7200000', 'X-Rate-Limit-Db-Query-Time-Remaining': '7199990', 'X-Rate-Limit-Api-Token-Interval-Ms': '10000', 'X-Rate-Limit-Api-Token-Max': '100', 'X-Rate-Limit-Api-Token-Remaining': '90', 'X-Rate-Limit-Api-Key-Interval-Ms': '10000', 'X-Rate-Limit-Api-Key-Max': '300', 'X-Rate-Limit-Api-Key-Remaining': '290', 'X-Rate-Limit-Member-Interval-Ms': '10000', 'X-Rate-Limit-Member-Max': '375', 'X-Rate-Limit-Member-Remaining': '365', 'X-Server-Time': '1712686868144', 'Server': 'AtlassianEdge', 'X-Content-Type-Options': 'nosniff', 'X-Xss-Protection': '1; mode=block', 'Atl-Traceid': '5528059eb71d4be898f2da882247fd43', 'Strict-Transport-Security': 'max-age=63072000; preload', 'Report-To': '{"endpoints": [{"url": "https://dz8aopenkvv6s.cloudfront.net"}], "group": "endpoint-1", "include_subdomains": true, "max_age": 600}', 'Nel': '{"failure_fraction": 0.001, "include_subdomains": true, "max_age": 600, "report_to": "endpoint-1"}', 'X-Cache': 'Miss from cloudfront', 'Via': '1.1 87ce2712fe7ed176a0f0d2d4a585feda.cloudfront.net (CloudFront)', 'X-Amz-Cf-Pop': 'GRU50-C1', 'X-Amz-Cf-Id': 'v9DkovaGXJn5soAYEHA3GAGp6v0_212glhmbRsxBkF0GSAmGzY1uiw=='} 
 body={"id":"661587132b18d38215629dd0","name":"myList123","closed":false,"color":null,"idBoard":"6615871311b075b9aeb62cf2","pos":8192} 
 </msg>
<msg time="2024-04-09T15:21:08.232027" level="INFO">C:\Python312\Lib\site-packages\urllib3\connectionpool.py:1103: InsecureRequestWarning: Unverified HTTPS request is being made to host 'api.trello.com'. Adding certificate verification is strongly advised. See: https://urllib3.readthedocs.io/en/latest/advanced-usage.html#tls-warnings
  warnings.warn(</msg>
<msg time="2024-04-09T15:21:08.232027" level="INFO">${responseUL} = &lt;Response [200]&gt;</msg>
<var>${responseUL}</var>
<arg>alias=trello</arg>
<arg>url=/1/lists/${list_id}?key=${KEY}&amp;token=${TOKEN}</arg>
<arg>data={name: "myList2"}</arg>
<arg>expected_status=200</arg>
<doc>Sends a PUT request on a previously created HTTP Session.</doc>
<status status="PASS" start="2024-04-09T15:21:07.851327" elapsed="0.380700"/>
</kw>
<kw name="Set Variable" owner="BuiltIn">
<msg time="2024-04-09T15:21:08.232027" level="INFO">${list_name} = myList123</msg>
<var>${list_name}</var>
<arg>${responseUL.json()['name']}</arg>
<doc>Returns the given values which can then be assigned to a variables.</doc>
<status status="PASS" start="2024-04-09T15:21:08.232027" elapsed="0.000000"/>
</kw>
<kw name="Log To Console" owner="BuiltIn">
<arg>${list_name}</arg>
<doc>Logs the given message to the console.</doc>
<status status="PASS" start="2024-04-09T15:21:08.232027" elapsed="0.000000"/>
</kw>
<kw name="Delete a board" owner="test" type="TEARDOWN">
<kw name="Load Json From File" owner="JSONLibrary">
<msg time="2024-04-09T15:21:08.247638" level="INFO">${data} = {'board_id': '6615871311b075b9aeb62cf2', 'list_id': '661587132b18d38215629dd0'}</msg>
<var>${data}</var>
<arg>api/fixtures/testdata.json</arg>
<doc>Load JSON from file.</doc>
<status status="PASS" start="2024-04-09T15:21:08.247638" elapsed="0.000000"/>
</kw>
<kw name="Get Value From Json" owner="JSONLibrary">
<msg time="2024-04-09T15:21:08.278642" level="INFO">${board_id_ob} = ['6615871311b075b9aeb62cf2']</msg>
<var>${board_id_ob}</var>
<arg>${data}</arg>
<arg>$.board_id</arg>
<doc>Get Value From JSON using JSONPath</doc>
<status status="PASS" start="2024-04-09T15:21:08.247638" elapsed="0.031004"/>
</kw>
<kw name="Convert Json To String" owner="JSONLibrary">
<msg time="2024-04-09T15:21:08.279645" level="INFO">${board_id_str} = ["6615871311b075b9aeb62cf2"]</msg>
<var>${board_id_str}</var>
<arg>${board_id_ob}</arg>
<doc>Convert JSON object to string</doc>
<status status="PASS" start="2024-04-09T15:21:08.278642" elapsed="0.001003"/>
</kw>
<kw name="Remove String" owner="String">
<msg time="2024-04-09T15:21:08.279645" level="INFO">${board_id} = 6615871311b075b9aeb62cf2</msg>
<var>${board_id}</var>
<arg>${board_id_str}</arg>
<arg>[</arg>
<arg>]</arg>
<arg>'</arg>
<arg>"</arg>
<doc>Removes all ``removables`` from the given ``string``.</doc>
<status status="PASS" start="2024-04-09T15:21:08.279645" elapsed="0.000000"/>
</kw>
<kw name="DELETE On Session" owner="RequestsLibrary">
<msg time="2024-04-09T15:21:09.471745" level="INFO">DELETE Request : url=https://api.trello.com/1/boards/6615871311b075b9aeb62cf2?key=053180673914aba1dfdd024bcbce9543&amp;token=ATTAaa5b2ab908052d99a92eaea20d83ae79e1e467e1608f051f6f71d27b4b25c956A13A6D5F 
 path_url=/1/boards/6615871311b075b9aeb62cf2?key=053180673914aba1dfdd024bcbce9543&amp;token=ATTAaa5b2ab908052d99a92eaea20d83ae79e1e467e1608f051f6f71d27b4b25c956A13A6D5F 
 headers={'User-Agent': 'python-requests/2.31.0', 'Accept-Encoding': 'gzip, deflate', 'Accept': '*/*', 'Connection': 'keep-alive', 'Content-Length': '0'} 
 body=None 
 </msg>
<msg time="2024-04-09T15:21:09.471745" level="INFO">DELETE Response : url=https://api.trello.com/1/boards/6615871311b075b9aeb62cf2?key=053180673914aba1dfdd024bcbce9543&amp;token=ATTAaa5b2ab908052d99a92eaea20d83ae79e1e467e1608f051f6f71d27b4b25c956A13A6D5F 
 status=200, reason=OK 
 headers={'Content-Type': 'application/json; charset=utf-8', 'Content-Length': '16', 'Connection': 'keep-alive', 'Date': 'Tue, 09 Apr 2024 18:21:09 GMT', 'Referrer-Policy': 'strict-origin-when-cross-origin', 'X-Dns-Prefetch-Control': 'off', 'X-Download-Options': 'noopen', 'X-Frame-Options': 'DENY', 'X-Permitted-Cross-Domain-Policies': 'none', 'Surrogate-Control': 'no-store', 'Cache-Control': 'max-age=0, must-revalidate, no-cache, no-store', 'Expires': 'Thu, 01 Jan 1970 00:00:00', 'X-Trello-Version': '1.271036.0', 'X-Trello-Environment': 'Production', 'Access-Control-Allow-Origin': '*', 'Access-Control-Allow-Methods': 'GET, PUT, POST, DELETE', 'Access-Control-Allow-Headers': 'Authorization, Accept, Content-Type', 'Access-Control-Expose-Headers': 'x-rate-limit-api-key-interval-ms, x-rate-limit-api-key-max, x-rate-limit-api-key-remaining, x-rate-limit-api-token-interval-ms, x-rate-limit-api-token-max, x-rate-limit-api-token-remaining', 'X-Rate-Limit-Api-Token-Interval-Ms': '10000', 'X-Rate-Limit-Api-Token-Max': '100', 'X-Rate-Limit-Api-Token-Remaining': '89', 'X-Rate-Limit-Db-Query-Time-Interval-Ms': '600000', 'X-Rate-Limit-Db-Query-Time-Max': '7200000', 'X-Rate-Limit-Db-Query-Time-Remaining': '7199990', 'X-Rate-Limit-Api-Key-Interval-Ms': '10000', 'X-Rate-Limit-Api-Key-Max': '300', 'X-Rate-Limit-Api-Key-Remaining': '289', 'X-Rate-Limit-Member-Interval-Ms': '10000', 'X-Rate-Limit-Member-Max': '375', 'X-Rate-Limit-Member-Remaining': '364', 'X-Server-Time': '1712686869397', 'Server': 'AtlassianEdge', 'X-Content-Type-Options': 'nosniff', 'X-Xss-Protection': '1; mode=block', 'Atl-Traceid': '52484253b96246288becada6980bd0ce', 'Strict-Transport-Security': 'max-age=63072000; preload', 'Report-To': '{"endpoints": [{"url": "https://dz8aopenkvv6s.cloudfront.net"}], "group": "endpoint-1", "include_subdomains": true, "max_age": 600}', 'Nel': '{"failure_fraction": 0.001, "include_subdomains": true, "max_age": 600, "report_to": "endpoint-1"}', 'X-Cache': 'Miss from cloudfront', 'Via': '1.1 87ce2712fe7ed176a0f0d2d4a585feda.cloudfront.net (CloudFront)', 'X-Amz-Cf-Pop': 'GRU50-C1', 'X-Amz-Cf-Id': 'QbVBc_aegxXjcUNS6n5la9mhTdF4fbjMVxoFRE-qfKjtn5uOBgMGJw=='} 
 body={"_value":null}
 
 </msg>
<msg time="2024-04-09T15:21:09.471745" level="INFO">C:\Python312\Lib\site-packages\urllib3\connectionpool.py:1103: InsecureRequestWarning: Unverified HTTPS request is being made to host 'api.trello.com'. Adding certificate verification is strongly advised. See: https://urllib3.readthedocs.io/en/latest/advanced-usage.html#tls-warnings
  warnings.warn(</msg>
<arg>alias=trello</arg>
<arg>url=/1/boards/${board_id}?key=${KEY}&amp;token=${TOKEN}</arg>
<arg>expected_status=200</arg>
<doc>Sends a DELETE request on a previously created HTTP Session.</doc>
<status status="PASS" start="2024-04-09T15:21:08.279645" elapsed="1.192100"/>
</kw>
<status status="PASS" start="2024-04-09T15:21:08.247638" elapsed="1.224107"/>
</kw>
<status status="PASS" start="2024-04-09T15:21:06.707993" elapsed="2.763752"/>
</test>
<status status="PASS" start="2024-04-09T15:20:59.976475" elapsed="9.495270"/>
</suite>
<status status="PASS" start="2024-04-09T15:20:03.248183" elapsed="66.223562"/>
</suite>
<status status="PASS" start="2024-04-09T15:20:03.212533" elapsed="66.275291"/>
</suite>
<statistics>
<total>
<stat pass="15" fail="0" skip="0">All Tests</stat>
</total>
<tag>
</tag>
<suite>
<stat pass="15" fail="0" skip="0" id="s1" name="Api">Api</stat>
<stat pass="15" fail="0" skip="0" id="s1-s1" name="Tests">Api.Tests</stat>
<stat pass="4" fail="0" skip="0" id="s1-s1-s1" name="Boards">Api.Tests.Boards</stat>
<stat pass="4" fail="0" skip="0" id="s1-s1-s2" name="Cards">Api.Tests.Cards</stat>
<stat pass="4" fail="0" skip="0" id="s1-s1-s3" name="Checklists">Api.Tests.Checklists</stat>
<stat pass="3" fail="0" skip="0" id="s1-s1-s4" name="Lists">Api.Tests.Lists</stat>
</suite>
</statistics>
<errors>
</errors>
</robot>
